24-Oct-2025 01:14:02.627 INFO [Catalina-utility-2] org.apache.catalina.startup.HostConfig.undeploy Undeploying context [/AGym]
24-Oct-2025 01:14:02.913 INFO [Catalina-utility-2] org.apache.catalina.startup.HostConfig.deployDescriptor Deploying deployment descriptor [C:\Users\smore\Desktop\apache-tomcat-10.1.48\conf\Catalina\localhost\AGym.xml]
24-Oct-2025 01:14:02.947 WARNING [Catalina-utility-2] org.apache.catalina.startup.HostConfig.deployDescriptor The path attribute with value [/AGym] in deployment descriptor [C:\Users\smore\Desktop\apache-tomcat-10.1.48\conf\Catalina\localhost\AGym.xml] has been ignored
24-Oct-2025 01:14:02.998 SEVERE [Catalina-utility-2] org.apache.catalina.startup.HostConfig.deployDescriptor Error deploying deployment descriptor [C:\Users\smore\Desktop\apache-tomcat-10.1.48\conf\Catalina\localhost\AGym.xml]
	java.lang.IllegalStateException: Error starting child
		at org.apache.catalina.core.ContainerBase.addChildInternal(ContainerBase.java:600)
		at org.apache.catalina.core.ContainerBase.addChild(ContainerBase.java:569)
		at org.apache.catalina.core.StandardHost.addChild(StandardHost.java:652)
		at org.apache.catalina.startup.HostConfig.deployDescriptor(HostConfig.java:629)
		at org.apache.catalina.startup.HostConfig$DeployDescriptor.run(HostConfig.java:1878)
		at java.base/java.util.concurrent.Executors$RunnableAdapter.call(Executors.java:545)
		at java.base/java.util.concurrent.FutureTask.run(FutureTask.java:328)
		at org.apache.tomcat.util.threads.InlineExecutorService.execute(InlineExecutorService.java:81)
		at java.base/java.util.concurrent.AbstractExecutorService.submit(AbstractExecutorService.java:124)
		at org.apache.catalina.startup.HostConfig.deployDescriptors(HostConfig.java:524)
		at org.apache.catalina.startup.HostConfig.deployApps(HostConfig.java:415)
		at org.apache.catalina.startup.HostConfig.check(HostConfig.java:1667)
		at org.apache.catalina.startup.HostConfig.lifecycleEvent(HostConfig.java:296)
		at org.apache.catalina.util.LifecycleBase.fireLifecycleEvent(LifecycleBase.java:109)
		at org.apache.catalina.core.ContainerBase.backgroundProcess(ContainerBase.java:971)
		at org.apache.catalina.core.ContainerBase$ContainerBackgroundProcessor.processChildren(ContainerBase.java:1170)
		at org.apache.catalina.core.ContainerBase$ContainerBackgroundProcessor.processChildren(ContainerBase.java:1174)
		at org.apache.catalina.core.ContainerBase$ContainerBackgroundProcessor.run(ContainerBase.java:1152)
		at java.base/java.util.concurrent.Executors$RunnableAdapter.call(Executors.java:545)
		at java.base/java.util.concurrent.FutureTask.runAndReset(FutureTask.java:369)
		at java.base/java.util.concurrent.ScheduledThreadPoolExecutor$ScheduledFutureTask.run(ScheduledThreadPoolExecutor.java:310)
		at java.base/java.util.concurrent.ThreadPoolExecutor.runWorker(ThreadPoolExecutor.java:1095)
		at java.base/java.util.concurrent.ThreadPoolExecutor$Worker.run(ThreadPoolExecutor.java:619)
		at org.apache.tomcat.util.threads.TaskThread$WrappingRunnable.run(TaskThread.java:63)
		at java.base/java.lang.Thread.run(Thread.java:1447)
	Caused by: org.apache.catalina.LifecycleException: Failed to start component [org.apache.catalina.webresources.StandardRoot@4b1b3dc0]
		at org.apache.catalina.util.LifecycleBase.handleSubClassException(LifecycleBase.java:404)
		at org.apache.catalina.util.LifecycleBase.start(LifecycleBase.java:179)
		at org.apache.catalina.core.StandardContext.resourcesStart(StandardContext.java:4147)
		at org.apache.catalina.core.StandardContext.startInternal(StandardContext.java:4269)
		at org.apache.catalina.util.LifecycleBase.start(LifecycleBase.java:164)
		at org.apache.catalina.core.ContainerBase.addChildInternal(ContainerBase.java:597)
		... 24 more
	Caused by: java.lang.IllegalArgumentException: The main resource set specified [C:\Users\smore\Desktop\MyGymJavaWeb\build\web] is not a directory or war file, or is not readable (it does not exist or permissions to access it are missing)
		at org.apache.catalina.webresources.StandardRoot.createMainResourceSet(StandardRoot.java:758)
		at org.apache.catalina.webresources.StandardRoot.startInternal(StandardRoot.java:715)
		at org.apache.catalina.util.LifecycleBase.start(LifecycleBase.java:164)
		... 28 more
24-Oct-2025 01:14:03.018 INFO [Catalina-utility-2] org.apache.catalina.startup.HostConfig.deployDescriptor Deployment of deployment descriptor [C:\Users\smore\Desktop\apache-tomcat-10.1.48\conf\Catalina\localhost\AGym.xml] has finished in [106] ms
24-Oct-2025 01:14:19.157 INFO [main] org.apache.catalina.core.StandardServer.await A valid shutdown command was received via the shutdown port. Stopping the Server instance.
24-Oct-2025 01:14:19.159 INFO [main] org.apache.coyote.AbstractProtocol.pause Pausing ProtocolHandler ["http-nio-8080"]
24-Oct-2025 01:14:19.210 INFO [main] org.apache.catalina.core.StandardService.stopInternal Stopping service [Catalina]
24-Oct-2025 01:14:19.309 INFO [main] org.apache.coyote.AbstractProtocol.stop Stopping ProtocolHandler ["http-nio-8080"]
24-Oct-2025 01:14:19.361 INFO [main] org.apache.coyote.AbstractProtocol.destroy Destroying ProtocolHandler ["http-nio-8080"]
24-Oct-2025 01:16:58.601 INFO [main] org.apache.catalina.startup.VersionLoggerListener.log Server version name:   Apache Tomcat/10.1.48
24-Oct-2025 01:16:58.609 INFO [main] org.apache.catalina.startup.VersionLoggerListener.log Server built:          Oct 10 2025 14:33:56 UTC
24-Oct-2025 01:16:58.610 INFO [main] org.apache.catalina.startup.VersionLoggerListener.log Server version number: 10.1.48.0
24-Oct-2025 01:16:58.610 INFO [main] org.apache.catalina.startup.VersionLoggerListener.log OS Name:               Windows 11
24-Oct-2025 01:16:58.610 INFO [main] org.apache.catalina.startup.VersionLoggerListener.log OS Version:            10.0
24-Oct-2025 01:16:58.611 INFO [main] org.apache.catalina.startup.VersionLoggerListener.log Architecture:          amd64
24-Oct-2025 01:16:58.611 INFO [main] org.apache.catalina.startup.VersionLoggerListener.log Java Home:             C:\Program Files\Apache NetBeans\jdk
24-Oct-2025 01:16:58.611 INFO [main] org.apache.catalina.startup.VersionLoggerListener.log JVM Version:           24.0.2+12
24-Oct-2025 01:16:58.611 INFO [main] org.apache.catalina.startup.VersionLoggerListener.log JVM Vendor:            Azul Systems, Inc.
24-Oct-2025 01:16:58.611 INFO [main] org.apache.catalina.startup.VersionLoggerListener.log CATALINA_BASE:         C:\Users\smore\Desktop\apache-tomcat-10.1.48
24-Oct-2025 01:16:58.612 INFO [main] org.apache.catalina.startup.VersionLoggerListener.log CATALINA_HOME:         C:\Users\smore\Desktop\apache-tomcat-10.1.48
24-Oct-2025 01:16:58.649 INFO [main] org.apache.catalina.startup.VersionLoggerListener.log Command line argument: -Djava.util.logging.config.file=C:\Users\smore\Desktop\apache-tomcat-10.1.48\conf\logging.properties
24-Oct-2025 01:16:58.650 INFO [main] org.apache.catalina.startup.VersionLoggerListener.log Command line argument: -Djava.util.logging.manager=org.apache.juli.ClassLoaderLogManager
24-Oct-2025 01:16:58.651 INFO [main] org.apache.catalina.startup.VersionLoggerListener.log Command line argument: -Djdk.tls.ephemeralDHKeySize=2048
24-Oct-2025 01:16:58.652 INFO [main] org.apache.catalina.startup.VersionLoggerListener.log Command line argument: -Djava.protocol.handler.pkgs=org.apache.catalina.webresources
24-Oct-2025 01:16:58.652 INFO [main] org.apache.catalina.startup.VersionLoggerListener.log Command line argument: -Dsun.io.useCanonCaches=false
24-Oct-2025 01:16:58.652 INFO [main] org.apache.catalina.startup.VersionLoggerListener.log Command line argument: --add-opens=java.base/java.lang=ALL-UNNAMED
24-Oct-2025 01:16:58.653 INFO [main] org.apache.catalina.startup.VersionLoggerListener.log Command line argument: --add-opens=java.base/java.lang.reflect=ALL-UNNAMED
24-Oct-2025 01:16:58.653 INFO [main] org.apache.catalina.startup.VersionLoggerListener.log Command line argument: --add-opens=java.base/java.io=ALL-UNNAMED
24-Oct-2025 01:16:58.653 INFO [main] org.apache.catalina.startup.VersionLoggerListener.log Command line argument: --add-opens=java.base/java.util=ALL-UNNAMED
24-Oct-2025 01:16:58.653 INFO [main] org.apache.catalina.startup.VersionLoggerListener.log Command line argument: --add-opens=java.base/java.util.concurrent=ALL-UNNAMED
24-Oct-2025 01:16:58.653 INFO [main] org.apache.catalina.startup.VersionLoggerListener.log Command line argument: --add-opens=java.rmi/sun.rmi.transport=ALL-UNNAMED
24-Oct-2025 01:16:58.655 INFO [main] org.apache.catalina.startup.VersionLoggerListener.log Command line argument: -Dcatalina.base=C:\Users\smore\Desktop\apache-tomcat-10.1.48
24-Oct-2025 01:16:58.656 INFO [main] org.apache.catalina.startup.VersionLoggerListener.log Command line argument: -Dcatalina.home=C:\Users\smore\Desktop\apache-tomcat-10.1.48
24-Oct-2025 01:16:58.656 INFO [main] org.apache.catalina.startup.VersionLoggerListener.log Command line argument: -Djava.io.tmpdir=C:\Users\smore\Desktop\apache-tomcat-10.1.48\temp
24-Oct-2025 01:16:58.750 INFO [main] org.apache.catalina.core.AprLifecycleListener.lifecycleEvent Loaded Apache Tomcat Native library [2.0.9] using APR version [1.7.6].
24-Oct-2025 01:16:58.806 INFO [main] org.apache.catalina.core.AprLifecycleListener.initializeSSL OpenSSL successfully initialized [OpenSSL 3.5.0 8 Apr 2025]
24-Oct-2025 01:16:59.657 INFO [main] org.apache.coyote.AbstractProtocol.init Initializing ProtocolHandler ["http-nio-8080"]
24-Oct-2025 01:16:59.713 INFO [main] org.apache.catalina.startup.Catalina.load Server initialization in [2277] milliseconds
24-Oct-2025 01:16:59.867 INFO [main] org.apache.catalina.core.StandardService.startInternal Starting service [Catalina]
24-Oct-2025 01:16:59.868 INFO [main] org.apache.catalina.core.StandardEngine.startInternal Starting Servlet engine: [Apache Tomcat/10.1.48]
24-Oct-2025 01:16:59.896 INFO [main] org.apache.catalina.startup.HostConfig.deployDescriptor Deploying deployment descriptor [C:\Users\smore\Desktop\apache-tomcat-10.1.48\conf\Catalina\localhost\AGym.xml]
24-Oct-2025 01:16:59.940 WARNING [main] org.apache.catalina.startup.HostConfig.deployDescriptor The path attribute with value [/AGym] in deployment descriptor [C:\Users\smore\Desktop\apache-tomcat-10.1.48\conf\Catalina\localhost\AGym.xml] has been ignored
24-Oct-2025 01:17:01.131 INFO [main] org.apache.jasper.servlet.TldScanner.scanJars At least one JAR was scanned for TLDs yet contained no TLDs. Enable debug logging for this logger for a complete list of JARs that were scanned but no TLDs were found in them. Skipping unneeded JARs during scanning can improve startup time and JSP compilation time.
24-Oct-2025 01:17:01.316 INFO [main] org.apache.catalina.startup.HostConfig.deployDescriptor Deployment of deployment descriptor [C:\Users\smore\Desktop\apache-tomcat-10.1.48\conf\Catalina\localhost\AGym.xml] has finished in [1,417] ms
24-Oct-2025 01:17:01.316 INFO [main] org.apache.catalina.startup.HostConfig.deployDescriptor Deploying deployment descriptor [C:\Users\smore\Desktop\apache-tomcat-10.1.48\conf\Catalina\localhost\AreaCalculator.xml]
24-Oct-2025 01:17:01.320 WARNING [main] org.apache.catalina.startup.HostConfig.deployDescriptor The path attribute with value [/AreaCalculator] in deployment descriptor [C:\Users\smore\Desktop\apache-tomcat-10.1.48\conf\Catalina\localhost\AreaCalculator.xml] has been ignored
24-Oct-2025 01:17:01.336 SEVERE [main] org.apache.catalina.startup.HostConfig.deployDescriptor Error deploying deployment descriptor [C:\Users\smore\Desktop\apache-tomcat-10.1.48\conf\Catalina\localhost\AreaCalculator.xml]
	java.lang.IllegalStateException: Error starting child
		at org.apache.catalina.core.ContainerBase.addChildInternal(ContainerBase.java:600)
		at org.apache.catalina.core.ContainerBase.addChild(ContainerBase.java:569)
		at org.apache.catalina.core.StandardHost.addChild(StandardHost.java:652)
		at org.apache.catalina.startup.HostConfig.deployDescriptor(HostConfig.java:629)
		at org.apache.catalina.startup.HostConfig$DeployDescriptor.run(HostConfig.java:1878)
		at java.base/java.util.concurrent.Executors$RunnableAdapter.call(Executors.java:545)
		at java.base/java.util.concurrent.FutureTask.run(FutureTask.java:328)
		at org.apache.tomcat.util.threads.InlineExecutorService.execute(InlineExecutorService.java:81)
		at java.base/java.util.concurrent.AbstractExecutorService.submit(AbstractExecutorService.java:124)
		at org.apache.catalina.startup.HostConfig.deployDescriptors(HostConfig.java:524)
		at org.apache.catalina.startup.HostConfig.deployApps(HostConfig.java:415)
		at org.apache.catalina.startup.HostConfig.start(HostConfig.java:1618)
		at org.apache.catalina.startup.HostConfig.lifecycleEvent(HostConfig.java:300)
		at org.apache.catalina.util.LifecycleBase.fireLifecycleEvent(LifecycleBase.java:109)
		at org.apache.catalina.util.LifecycleBase.setStateInternal(LifecycleBase.java:389)
		at org.apache.catalina.util.LifecycleBase.setState(LifecycleBase.java:336)
		at org.apache.catalina.core.ContainerBase.startInternal(ContainerBase.java:774)
		at org.apache.catalina.core.StandardHost.startInternal(StandardHost.java:770)
		at org.apache.catalina.util.LifecycleBase.start(LifecycleBase.java:164)
		at org.apache.catalina.core.ContainerBase$StartChild.call(ContainerBase.java:1201)
		at org.apache.catalina.core.ContainerBase$StartChild.call(ContainerBase.java:1191)
		at java.base/java.util.concurrent.FutureTask.run(FutureTask.java:328)
		at org.apache.tomcat.util.threads.InlineExecutorService.execute(InlineExecutorService.java:81)
		at java.base/java.util.concurrent.AbstractExecutorService.submit(AbstractExecutorService.java:148)
		at org.apache.catalina.core.ContainerBase.startInternal(ContainerBase.java:747)
		at org.apache.catalina.core.StandardEngine.startInternal(StandardEngine.java:201)
		at org.apache.catalina.util.LifecycleBase.start(LifecycleBase.java:164)
		at org.apache.catalina.core.StandardService.startInternal(StandardService.java:410)
		at org.apache.catalina.util.LifecycleBase.start(LifecycleBase.java:164)
		at org.apache.catalina.core.StandardServer.startInternal(StandardServer.java:868)
		at org.apache.catalina.util.LifecycleBase.start(LifecycleBase.java:164)
		at org.apache.catalina.startup.Catalina.start(Catalina.java:758)
		at java.base/jdk.internal.reflect.DirectMethodHandleAccessor.invoke(DirectMethodHandleAccessor.java:104)
		at java.base/java.lang.reflect.Method.invoke(Method.java:565)
		at org.apache.catalina.startup.Bootstrap.start(Bootstrap.java:342)
		at org.apache.catalina.startup.Bootstrap.main(Bootstrap.java:473)
	Caused by: org.apache.catalina.LifecycleException: Failed to start component [org.apache.catalina.webresources.StandardRoot@549949be]
		at org.apache.catalina.util.LifecycleBase.handleSubClassException(LifecycleBase.java:404)
		at org.apache.catalina.util.LifecycleBase.start(LifecycleBase.java:179)
		at org.apache.catalina.core.StandardContext.resourcesStart(StandardContext.java:4147)
		at org.apache.catalina.core.StandardContext.startInternal(StandardContext.java:4269)
		at org.apache.catalina.util.LifecycleBase.start(LifecycleBase.java:164)
		at org.apache.catalina.core.ContainerBase.addChildInternal(ContainerBase.java:597)
		... 35 more
	Caused by: java.lang.IllegalArgumentException: The main resource set specified [C:\Users\smore\Desktop\AreaCalculator\build\web] is not a directory or war file, or is not readable (it does not exist or permissions to access it are missing)
		at org.apache.catalina.webresources.StandardRoot.createMainResourceSet(StandardRoot.java:758)
		at org.apache.catalina.webresources.StandardRoot.startInternal(StandardRoot.java:715)
		at org.apache.catalina.util.LifecycleBase.start(LifecycleBase.java:164)
		... 39 more
24-Oct-2025 01:17:01.378 INFO [main] org.apache.catalina.startup.HostConfig.deployDescriptor Deployment of deployment descriptor [C:\Users\smore\Desktop\apache-tomcat-10.1.48\conf\Catalina\localhost\AreaCalculator.xml] has finished in [62] ms
24-Oct-2025 01:17:01.380 INFO [main] org.apache.catalina.startup.HostConfig.deployDescriptor Deploying deployment descriptor [C:\Users\smore\Desktop\apache-tomcat-10.1.48\conf\Catalina\localhost\AreaDeFiguras.xml]
24-Oct-2025 01:17:01.383 WARNING [main] org.apache.catalina.startup.HostConfig.deployDescriptor The path attribute with value [/AreaDeFiguras] in deployment descriptor [C:\Users\smore\Desktop\apache-tomcat-10.1.48\conf\Catalina\localhost\AreaDeFiguras.xml] has been ignored
24-Oct-2025 01:17:01.397 SEVERE [main] org.apache.catalina.startup.HostConfig.deployDescriptor Error deploying deployment descriptor [C:\Users\smore\Desktop\apache-tomcat-10.1.48\conf\Catalina\localhost\AreaDeFiguras.xml]
	java.lang.IllegalStateException: Error starting child
		at org.apache.catalina.core.ContainerBase.addChildInternal(ContainerBase.java:600)
		at org.apache.catalina.core.ContainerBase.addChild(ContainerBase.java:569)
		at org.apache.catalina.core.StandardHost.addChild(StandardHost.java:652)
		at org.apache.catalina.startup.HostConfig.deployDescriptor(HostConfig.java:629)
		at org.apache.catalina.startup.HostConfig$DeployDescriptor.run(HostConfig.java:1878)
		at java.base/java.util.concurrent.Executors$RunnableAdapter.call(Executors.java:545)
		at java.base/java.util.concurrent.FutureTask.run(FutureTask.java:328)
		at org.apache.tomcat.util.threads.InlineExecutorService.execute(InlineExecutorService.java:81)
		at java.base/java.util.concurrent.AbstractExecutorService.submit(AbstractExecutorService.java:124)
		at org.apache.catalina.startup.HostConfig.deployDescriptors(HostConfig.java:524)
		at org.apache.catalina.startup.HostConfig.deployApps(HostConfig.java:415)
		at org.apache.catalina.startup.HostConfig.start(HostConfig.java:1618)
		at org.apache.catalina.startup.HostConfig.lifecycleEvent(HostConfig.java:300)
		at org.apache.catalina.util.LifecycleBase.fireLifecycleEvent(LifecycleBase.java:109)
		at org.apache.catalina.util.LifecycleBase.setStateInternal(LifecycleBase.java:389)
		at org.apache.catalina.util.LifecycleBase.setState(LifecycleBase.java:336)
		at org.apache.catalina.core.ContainerBase.startInternal(ContainerBase.java:774)
		at org.apache.catalina.core.StandardHost.startInternal(StandardHost.java:770)
		at org.apache.catalina.util.LifecycleBase.start(LifecycleBase.java:164)
		at org.apache.catalina.core.ContainerBase$StartChild.call(ContainerBase.java:1201)
		at org.apache.catalina.core.ContainerBase$StartChild.call(ContainerBase.java:1191)
		at java.base/java.util.concurrent.FutureTask.run(FutureTask.java:328)
		at org.apache.tomcat.util.threads.InlineExecutorService.execute(InlineExecutorService.java:81)
		at java.base/java.util.concurrent.AbstractExecutorService.submit(AbstractExecutorService.java:148)
		at org.apache.catalina.core.ContainerBase.startInternal(ContainerBase.java:747)
		at org.apache.catalina.core.StandardEngine.startInternal(StandardEngine.java:201)
		at org.apache.catalina.util.LifecycleBase.start(LifecycleBase.java:164)
		at org.apache.catalina.core.StandardService.startInternal(StandardService.java:410)
		at org.apache.catalina.util.LifecycleBase.start(LifecycleBase.java:164)
		at org.apache.catalina.core.StandardServer.startInternal(StandardServer.java:868)
		at org.apache.catalina.util.LifecycleBase.start(LifecycleBase.java:164)
		at org.apache.catalina.startup.Catalina.start(Catalina.java:758)
		at java.base/jdk.internal.reflect.DirectMethodHandleAccessor.invoke(DirectMethodHandleAccessor.java:104)
		at java.base/java.lang.reflect.Method.invoke(Method.java:565)
		at org.apache.catalina.startup.Bootstrap.start(Bootstrap.java:342)
		at org.apache.catalina.startup.Bootstrap.main(Bootstrap.java:473)
	Caused by: org.apache.catalina.LifecycleException: Failed to start component [org.apache.catalina.webresources.StandardRoot@a202ccb]
		at org.apache.catalina.util.LifecycleBase.handleSubClassException(LifecycleBase.java:404)
		at org.apache.catalina.util.LifecycleBase.start(LifecycleBase.java:179)
		at org.apache.catalina.core.StandardContext.resourcesStart(StandardContext.java:4147)
		at org.apache.catalina.core.StandardContext.startInternal(StandardContext.java:4269)
		at org.apache.catalina.util.LifecycleBase.start(LifecycleBase.java:164)
		at org.apache.catalina.core.ContainerBase.addChildInternal(ContainerBase.java:597)
		... 35 more
	Caused by: java.lang.IllegalArgumentException: The main resource set specified [C:\Users\smore\Desktop\AreaDeFiguras-20242020091\build\web] is not a directory or war file, or is not readable (it does not exist or permissions to access it are missing)
		at org.apache.catalina.webresources.StandardRoot.createMainResourceSet(StandardRoot.java:758)
		at org.apache.catalina.webresources.StandardRoot.startInternal(StandardRoot.java:715)
		at org.apache.catalina.util.LifecycleBase.start(LifecycleBase.java:164)
		... 39 more
24-Oct-2025 01:17:01.665 INFO [main] org.apache.catalina.startup.HostConfig.deployDescriptor Deployment of deployment descriptor [C:\Users\smore\Desktop\apache-tomcat-10.1.48\conf\Catalina\localhost\AreaDeFiguras.xml] has finished in [287] ms
24-Oct-2025 01:17:01.668 INFO [main] org.apache.catalina.startup.HostConfig.deployDirectory Deploying web application directory [C:\Users\smore\Desktop\apache-tomcat-10.1.48\webapps\docs]
24-Oct-2025 01:17:01.979 INFO [main] org.apache.jasper.servlet.TldScanner.scanJars At least one JAR was scanned for TLDs yet contained no TLDs. Enable debug logging for this logger for a complete list of JARs that were scanned but no TLDs were found in them. Skipping unneeded JARs during scanning can improve startup time and JSP compilation time.
24-Oct-2025 01:17:01.990 INFO [main] org.apache.catalina.startup.HostConfig.deployDirectory Deployment of web application directory [C:\Users\smore\Desktop\apache-tomcat-10.1.48\webapps\docs] has finished in [323] ms
24-Oct-2025 01:17:01.991 INFO [main] org.apache.catalina.startup.HostConfig.deployDirectory Deploying web application directory [C:\Users\smore\Desktop\apache-tomcat-10.1.48\webapps\examples]
24-Oct-2025 01:17:03.262 INFO [main] org.apache.jasper.servlet.TldScanner.scanJars At least one JAR was scanned for TLDs yet contained no TLDs. Enable debug logging for this logger for a complete list of JARs that were scanned but no TLDs were found in them. Skipping unneeded JARs during scanning can improve startup time and JSP compilation time.
24-Oct-2025 01:17:03.423 INFO [main] org.apache.catalina.startup.HostConfig.deployDirectory Deployment of web application directory [C:\Users\smore\Desktop\apache-tomcat-10.1.48\webapps\examples] has finished in [1,432] ms
24-Oct-2025 01:17:03.424 INFO [main] org.apache.catalina.startup.HostConfig.deployDirectory Deploying web application directory [C:\Users\smore\Desktop\apache-tomcat-10.1.48\webapps\host-manager]
24-Oct-2025 01:17:03.669 INFO [main] org.apache.jasper.servlet.TldScanner.scanJars At least one JAR was scanned for TLDs yet contained no TLDs. Enable debug logging for this logger for a complete list of JARs that were scanned but no TLDs were found in them. Skipping unneeded JARs during scanning can improve startup time and JSP compilation time.
24-Oct-2025 01:17:03.688 INFO [main] org.apache.catalina.startup.HostConfig.deployDirectory Deployment of web application directory [C:\Users\smore\Desktop\apache-tomcat-10.1.48\webapps\host-manager] has finished in [264] ms
24-Oct-2025 01:17:03.689 INFO [main] org.apache.catalina.startup.HostConfig.deployDirectory Deploying web application directory [C:\Users\smore\Desktop\apache-tomcat-10.1.48\webapps\manager]
24-Oct-2025 01:17:03.888 INFO [main] org.apache.jasper.servlet.TldScanner.scanJars At least one JAR was scanned for TLDs yet contained no TLDs. Enable debug logging for this logger for a complete list of JARs that were scanned but no TLDs were found in them. Skipping unneeded JARs during scanning can improve startup time and JSP compilation time.
24-Oct-2025 01:17:03.897 INFO [main] org.apache.catalina.startup.HostConfig.deployDirectory Deployment of web application directory [C:\Users\smore\Desktop\apache-tomcat-10.1.48\webapps\manager] has finished in [208] ms
24-Oct-2025 01:17:03.898 INFO [main] org.apache.catalina.startup.HostConfig.deployDirectory Deploying web application directory [C:\Users\smore\Desktop\apache-tomcat-10.1.48\webapps\ROOT]
24-Oct-2025 01:17:04.080 INFO [main] org.apache.jasper.servlet.TldScanner.scanJars At least one JAR was scanned for TLDs yet contained no TLDs. Enable debug logging for this logger for a complete list of JARs that were scanned but no TLDs were found in them. Skipping unneeded JARs during scanning can improve startup time and JSP compilation time.
24-Oct-2025 01:17:04.088 INFO [main] org.apache.catalina.startup.HostConfig.deployDirectory Deployment of web application directory [C:\Users\smore\Desktop\apache-tomcat-10.1.48\webapps\ROOT] has finished in [189] ms
24-Oct-2025 01:17:04.097 INFO [main] org.apache.coyote.AbstractProtocol.start Starting ProtocolHandler ["http-nio-8080"]
24-Oct-2025 01:17:04.172 INFO [main] org.apache.catalina.startup.Catalina.start Server startup in [4455] milliseconds
24-Oct-2025 01:17:08.526 INFO [http-nio-8080-exec-10] org.apache.catalina.startup.HostConfig.undeploy Undeploying context [/AGym]
24-Oct-2025 01:17:08.852 INFO [http-nio-8080-exec-5] org.apache.catalina.startup.HostConfig.deployDescriptor Deploying deployment descriptor [C:\Users\smore\Desktop\apache-tomcat-10.1.48\conf\Catalina\localhost\AGym.xml]
24-Oct-2025 01:17:08.862 WARNING [http-nio-8080-exec-5] org.apache.catalina.startup.HostConfig.deployDescriptor The path attribute with value [/AGym] in deployment descriptor [C:\Users\smore\Desktop\apache-tomcat-10.1.48\conf\Catalina\localhost\AGym.xml] has been ignored
24-Oct-2025 01:17:09.920 INFO [http-nio-8080-exec-5] org.apache.jasper.servlet.TldScanner.scanJars At least one JAR was scanned for TLDs yet contained no TLDs. Enable debug logging for this logger for a complete list of JARs that were scanned but no TLDs were found in them. Skipping unneeded JARs during scanning can improve startup time and JSP compilation time.
24-Oct-2025 01:17:09.930 INFO [http-nio-8080-exec-5] org.apache.catalina.startup.HostConfig.deployDescriptor Deployment of deployment descriptor [C:\Users\smore\Desktop\apache-tomcat-10.1.48\conf\Catalina\localhost\AGym.xml] has finished in [1,078] ms
24-Oct-2025 01:17:09.938 INFO [http-nio-8080-exec-1] org.apache.catalina.util.LifecycleBase.start The start() method was called on component [StandardEngine[Catalina].StandardHost[localhost].StandardContext[/AGym]] after start() had already been called. The second call will be ignored.
24-Oct-2025 01:34:27.860 INFO [main] org.apache.catalina.core.StandardServer.await A valid shutdown command was received via the shutdown port. Stopping the Server instance.
24-Oct-2025 01:34:27.893 INFO [main] org.apache.coyote.AbstractProtocol.pause Pausing ProtocolHandler ["http-nio-8080"]
24-Oct-2025 01:34:27.995 INFO [main] org.apache.catalina.core.StandardService.stopInternal Stopping service [Catalina]
24-Oct-2025 01:34:28.189 INFO [main] org.apache.coyote.AbstractProtocol.stop Stopping ProtocolHandler ["http-nio-8080"]
24-Oct-2025 01:34:28.246 INFO [main] org.apache.coyote.AbstractProtocol.destroy Destroying ProtocolHandler ["http-nio-8080"]
24-Oct-2025 01:42:15.626 INFO [main] org.apache.catalina.startup.VersionLoggerListener.log Server version name:   Apache Tomcat/10.1.48
24-Oct-2025 01:42:15.634 INFO [main] org.apache.catalina.startup.VersionLoggerListener.log Server built:          Oct 10 2025 14:33:56 UTC
24-Oct-2025 01:42:15.635 INFO [main] org.apache.catalina.startup.VersionLoggerListener.log Server version number: 10.1.48.0
24-Oct-2025 01:42:15.635 INFO [main] org.apache.catalina.startup.VersionLoggerListener.log OS Name:               Windows 11
24-Oct-2025 01:42:15.635 INFO [main] org.apache.catalina.startup.VersionLoggerListener.log OS Version:            10.0
24-Oct-2025 01:42:15.636 INFO [main] org.apache.catalina.startup.VersionLoggerListener.log Architecture:          amd64
24-Oct-2025 01:42:15.636 INFO [main] org.apache.catalina.startup.VersionLoggerListener.log Java Home:             C:\Program Files\Apache NetBeans\jdk
24-Oct-2025 01:42:15.636 INFO [main] org.apache.catalina.startup.VersionLoggerListener.log JVM Version:           24.0.2+12
24-Oct-2025 01:42:15.636 INFO [main] org.apache.catalina.startup.VersionLoggerListener.log JVM Vendor:            Azul Systems, Inc.
24-Oct-2025 01:42:15.638 INFO [main] org.apache.catalina.startup.VersionLoggerListener.log CATALINA_BASE:         C:\Users\smore\Desktop\apache-tomcat-10.1.48
24-Oct-2025 01:42:15.638 INFO [main] org.apache.catalina.startup.VersionLoggerListener.log CATALINA_HOME:         C:\Users\smore\Desktop\apache-tomcat-10.1.48
24-Oct-2025 01:42:15.671 INFO [main] org.apache.catalina.startup.VersionLoggerListener.log Command line argument: -Djava.util.logging.config.file=C:\Users\smore\Desktop\apache-tomcat-10.1.48\conf\logging.properties
24-Oct-2025 01:42:15.672 INFO [main] org.apache.catalina.startup.VersionLoggerListener.log Command line argument: -Djava.util.logging.manager=org.apache.juli.ClassLoaderLogManager
24-Oct-2025 01:42:15.672 INFO [main] org.apache.catalina.startup.VersionLoggerListener.log Command line argument: -Djdk.tls.ephemeralDHKeySize=2048
24-Oct-2025 01:42:15.672 INFO [main] org.apache.catalina.startup.VersionLoggerListener.log Command line argument: -Djava.protocol.handler.pkgs=org.apache.catalina.webresources
24-Oct-2025 01:42:15.672 INFO [main] org.apache.catalina.startup.VersionLoggerListener.log Command line argument: -Dsun.io.useCanonCaches=false
24-Oct-2025 01:42:15.672 INFO [main] org.apache.catalina.startup.VersionLoggerListener.log Command line argument: --add-opens=java.base/java.lang=ALL-UNNAMED
24-Oct-2025 01:42:15.674 INFO [main] org.apache.catalina.startup.VersionLoggerListener.log Command line argument: --add-opens=java.base/java.lang.reflect=ALL-UNNAMED
24-Oct-2025 01:42:15.674 INFO [main] org.apache.catalina.startup.VersionLoggerListener.log Command line argument: --add-opens=java.base/java.io=ALL-UNNAMED
24-Oct-2025 01:42:15.674 INFO [main] org.apache.catalina.startup.VersionLoggerListener.log Command line argument: --add-opens=java.base/java.util=ALL-UNNAMED
24-Oct-2025 01:42:15.675 INFO [main] org.apache.catalina.startup.VersionLoggerListener.log Command line argument: --add-opens=java.base/java.util.concurrent=ALL-UNNAMED
24-Oct-2025 01:42:15.675 INFO [main] org.apache.catalina.startup.VersionLoggerListener.log Command line argument: --add-opens=java.rmi/sun.rmi.transport=ALL-UNNAMED
24-Oct-2025 01:42:15.675 INFO [main] org.apache.catalina.startup.VersionLoggerListener.log Command line argument: -Dcatalina.base=C:\Users\smore\Desktop\apache-tomcat-10.1.48
24-Oct-2025 01:42:15.675 INFO [main] org.apache.catalina.startup.VersionLoggerListener.log Command line argument: -Dcatalina.home=C:\Users\smore\Desktop\apache-tomcat-10.1.48
24-Oct-2025 01:42:15.676 INFO [main] org.apache.catalina.startup.VersionLoggerListener.log Command line argument: -Djava.io.tmpdir=C:\Users\smore\Desktop\apache-tomcat-10.1.48\temp
24-Oct-2025 01:42:15.784 INFO [main] org.apache.catalina.core.AprLifecycleListener.lifecycleEvent Loaded Apache Tomcat Native library [2.0.9] using APR version [1.7.6].
24-Oct-2025 01:42:15.834 INFO [main] org.apache.catalina.core.AprLifecycleListener.initializeSSL OpenSSL successfully initialized [OpenSSL 3.5.0 8 Apr 2025]
24-Oct-2025 01:42:16.652 INFO [main] org.apache.coyote.AbstractProtocol.init Initializing ProtocolHandler ["http-nio-8080"]
24-Oct-2025 01:42:16.704 INFO [main] org.apache.catalina.startup.Catalina.load Server initialization in [1597] milliseconds
24-Oct-2025 01:42:16.820 INFO [main] org.apache.catalina.core.StandardService.startInternal Starting service [Catalina]
24-Oct-2025 01:42:16.820 INFO [main] org.apache.catalina.core.StandardEngine.startInternal Starting Servlet engine: [Apache Tomcat/10.1.48]
24-Oct-2025 01:42:16.843 INFO [main] org.apache.catalina.startup.HostConfig.deployDescriptor Deploying deployment descriptor [C:\Users\smore\Desktop\apache-tomcat-10.1.48\conf\Catalina\localhost\AGym.xml]
24-Oct-2025 01:42:16.882 WARNING [main] org.apache.catalina.startup.HostConfig.deployDescriptor The path attribute with value [/AGym] in deployment descriptor [C:\Users\smore\Desktop\apache-tomcat-10.1.48\conf\Catalina\localhost\AGym.xml] has been ignored
24-Oct-2025 01:42:17.935 INFO [main] org.apache.jasper.servlet.TldScanner.scanJars At least one JAR was scanned for TLDs yet contained no TLDs. Enable debug logging for this logger for a complete list of JARs that were scanned but no TLDs were found in them. Skipping unneeded JARs during scanning can improve startup time and JSP compilation time.
24-Oct-2025 01:42:18.093 INFO [main] org.apache.catalina.startup.HostConfig.deployDescriptor Deployment of deployment descriptor [C:\Users\smore\Desktop\apache-tomcat-10.1.48\conf\Catalina\localhost\AGym.xml] has finished in [1,247] ms
24-Oct-2025 01:42:18.095 INFO [main] org.apache.catalina.startup.HostConfig.deployDescriptor Deploying deployment descriptor [C:\Users\smore\Desktop\apache-tomcat-10.1.48\conf\Catalina\localhost\AreaCalculator.xml]
24-Oct-2025 01:42:18.099 WARNING [main] org.apache.catalina.startup.HostConfig.deployDescriptor The path attribute with value [/AreaCalculator] in deployment descriptor [C:\Users\smore\Desktop\apache-tomcat-10.1.48\conf\Catalina\localhost\AreaCalculator.xml] has been ignored
24-Oct-2025 01:42:18.122 SEVERE [main] org.apache.catalina.startup.HostConfig.deployDescriptor Error deploying deployment descriptor [C:\Users\smore\Desktop\apache-tomcat-10.1.48\conf\Catalina\localhost\AreaCalculator.xml]
	java.lang.IllegalStateException: Error starting child
		at org.apache.catalina.core.ContainerBase.addChildInternal(ContainerBase.java:600)
		at org.apache.catalina.core.ContainerBase.addChild(ContainerBase.java:569)
		at org.apache.catalina.core.StandardHost.addChild(StandardHost.java:652)
		at org.apache.catalina.startup.HostConfig.deployDescriptor(HostConfig.java:629)
		at org.apache.catalina.startup.HostConfig$DeployDescriptor.run(HostConfig.java:1878)
		at java.base/java.util.concurrent.Executors$RunnableAdapter.call(Executors.java:545)
		at java.base/java.util.concurrent.FutureTask.run(FutureTask.java:328)
		at org.apache.tomcat.util.threads.InlineExecutorService.execute(InlineExecutorService.java:81)
		at java.base/java.util.concurrent.AbstractExecutorService.submit(AbstractExecutorService.java:124)
		at org.apache.catalina.startup.HostConfig.deployDescriptors(HostConfig.java:524)
		at org.apache.catalina.startup.HostConfig.deployApps(HostConfig.java:415)
		at org.apache.catalina.startup.HostConfig.start(HostConfig.java:1618)
		at org.apache.catalina.startup.HostConfig.lifecycleEvent(HostConfig.java:300)
		at org.apache.catalina.util.LifecycleBase.fireLifecycleEvent(LifecycleBase.java:109)
		at org.apache.catalina.util.LifecycleBase.setStateInternal(LifecycleBase.java:389)
		at org.apache.catalina.util.LifecycleBase.setState(LifecycleBase.java:336)
		at org.apache.catalina.core.ContainerBase.startInternal(ContainerBase.java:774)
		at org.apache.catalina.core.StandardHost.startInternal(StandardHost.java:770)
		at org.apache.catalina.util.LifecycleBase.start(LifecycleBase.java:164)
		at org.apache.catalina.core.ContainerBase$StartChild.call(ContainerBase.java:1201)
		at org.apache.catalina.core.ContainerBase$StartChild.call(ContainerBase.java:1191)
		at java.base/java.util.concurrent.FutureTask.run(FutureTask.java:328)
		at org.apache.tomcat.util.threads.InlineExecutorService.execute(InlineExecutorService.java:81)
		at java.base/java.util.concurrent.AbstractExecutorService.submit(AbstractExecutorService.java:148)
		at org.apache.catalina.core.ContainerBase.startInternal(ContainerBase.java:747)
		at org.apache.catalina.core.StandardEngine.startInternal(StandardEngine.java:201)
		at org.apache.catalina.util.LifecycleBase.start(LifecycleBase.java:164)
		at org.apache.catalina.core.StandardService.startInternal(StandardService.java:410)
		at org.apache.catalina.util.LifecycleBase.start(LifecycleBase.java:164)
		at org.apache.catalina.core.StandardServer.startInternal(StandardServer.java:868)
		at org.apache.catalina.util.LifecycleBase.start(LifecycleBase.java:164)
		at org.apache.catalina.startup.Catalina.start(Catalina.java:758)
		at java.base/jdk.internal.reflect.DirectMethodHandleAccessor.invoke(DirectMethodHandleAccessor.java:104)
		at java.base/java.lang.reflect.Method.invoke(Method.java:565)
		at org.apache.catalina.startup.Bootstrap.start(Bootstrap.java:342)
		at org.apache.catalina.startup.Bootstrap.main(Bootstrap.java:473)
	Caused by: org.apache.catalina.LifecycleException: Failed to start component [org.apache.catalina.webresources.StandardRoot@655f7ea]
		at org.apache.catalina.util.LifecycleBase.handleSubClassException(LifecycleBase.java:404)
		at org.apache.catalina.util.LifecycleBase.start(LifecycleBase.java:179)
		at org.apache.catalina.core.StandardContext.resourcesStart(StandardContext.java:4147)
		at org.apache.catalina.core.StandardContext.startInternal(StandardContext.java:4269)
		at org.apache.catalina.util.LifecycleBase.start(LifecycleBase.java:164)
		at org.apache.catalina.core.ContainerBase.addChildInternal(ContainerBase.java:597)
		... 35 more
	Caused by: java.lang.IllegalArgumentException: The main resource set specified [C:\Users\smore\Desktop\AreaCalculator\build\web] is not a directory or war file, or is not readable (it does not exist or permissions to access it are missing)
		at org.apache.catalina.webresources.StandardRoot.createMainResourceSet(StandardRoot.java:758)
		at org.apache.catalina.webresources.StandardRoot.startInternal(StandardRoot.java:715)
		at org.apache.catalina.util.LifecycleBase.start(LifecycleBase.java:164)
		... 39 more
24-Oct-2025 01:42:18.156 INFO [main] org.apache.catalina.startup.HostConfig.deployDescriptor Deployment of deployment descriptor [C:\Users\smore\Desktop\apache-tomcat-10.1.48\conf\Catalina\localhost\AreaCalculator.xml] has finished in [61] ms
24-Oct-2025 01:42:18.156 INFO [main] org.apache.catalina.startup.HostConfig.deployDescriptor Deploying deployment descriptor [C:\Users\smore\Desktop\apache-tomcat-10.1.48\conf\Catalina\localhost\AreaDeFiguras.xml]
24-Oct-2025 01:42:18.160 WARNING [main] org.apache.catalina.startup.HostConfig.deployDescriptor The path attribute with value [/AreaDeFiguras] in deployment descriptor [C:\Users\smore\Desktop\apache-tomcat-10.1.48\conf\Catalina\localhost\AreaDeFiguras.xml] has been ignored
24-Oct-2025 01:42:18.178 SEVERE [main] org.apache.catalina.startup.HostConfig.deployDescriptor Error deploying deployment descriptor [C:\Users\smore\Desktop\apache-tomcat-10.1.48\conf\Catalina\localhost\AreaDeFiguras.xml]
	java.lang.IllegalStateException: Error starting child
		at org.apache.catalina.core.ContainerBase.addChildInternal(ContainerBase.java:600)
		at org.apache.catalina.core.ContainerBase.addChild(ContainerBase.java:569)
		at org.apache.catalina.core.StandardHost.addChild(StandardHost.java:652)
		at org.apache.catalina.startup.HostConfig.deployDescriptor(HostConfig.java:629)
		at org.apache.catalina.startup.HostConfig$DeployDescriptor.run(HostConfig.java:1878)
		at java.base/java.util.concurrent.Executors$RunnableAdapter.call(Executors.java:545)
		at java.base/java.util.concurrent.FutureTask.run(FutureTask.java:328)
		at org.apache.tomcat.util.threads.InlineExecutorService.execute(InlineExecutorService.java:81)
		at java.base/java.util.concurrent.AbstractExecutorService.submit(AbstractExecutorService.java:124)
		at org.apache.catalina.startup.HostConfig.deployDescriptors(HostConfig.java:524)
		at org.apache.catalina.startup.HostConfig.deployApps(HostConfig.java:415)
		at org.apache.catalina.startup.HostConfig.start(HostConfig.java:1618)
		at org.apache.catalina.startup.HostConfig.lifecycleEvent(HostConfig.java:300)
		at org.apache.catalina.util.LifecycleBase.fireLifecycleEvent(LifecycleBase.java:109)
		at org.apache.catalina.util.LifecycleBase.setStateInternal(LifecycleBase.java:389)
		at org.apache.catalina.util.LifecycleBase.setState(LifecycleBase.java:336)
		at org.apache.catalina.core.ContainerBase.startInternal(ContainerBase.java:774)
		at org.apache.catalina.core.StandardHost.startInternal(StandardHost.java:770)
		at org.apache.catalina.util.LifecycleBase.start(LifecycleBase.java:164)
		at org.apache.catalina.core.ContainerBase$StartChild.call(ContainerBase.java:1201)
		at org.apache.catalina.core.ContainerBase$StartChild.call(ContainerBase.java:1191)
		at java.base/java.util.concurrent.FutureTask.run(FutureTask.java:328)
		at org.apache.tomcat.util.threads.InlineExecutorService.execute(InlineExecutorService.java:81)
		at java.base/java.util.concurrent.AbstractExecutorService.submit(AbstractExecutorService.java:148)
		at org.apache.catalina.core.ContainerBase.startInternal(ContainerBase.java:747)
		at org.apache.catalina.core.StandardEngine.startInternal(StandardEngine.java:201)
		at org.apache.catalina.util.LifecycleBase.start(LifecycleBase.java:164)
		at org.apache.catalina.core.StandardService.startInternal(StandardService.java:410)
		at org.apache.catalina.util.LifecycleBase.start(LifecycleBase.java:164)
		at org.apache.catalina.core.StandardServer.startInternal(StandardServer.java:868)
		at org.apache.catalina.util.LifecycleBase.start(LifecycleBase.java:164)
		at org.apache.catalina.startup.Catalina.start(Catalina.java:758)
		at java.base/jdk.internal.reflect.DirectMethodHandleAccessor.invoke(DirectMethodHandleAccessor.java:104)
		at java.base/java.lang.reflect.Method.invoke(Method.java:565)
		at org.apache.catalina.startup.Bootstrap.start(Bootstrap.java:342)
		at org.apache.catalina.startup.Bootstrap.main(Bootstrap.java:473)
	Caused by: org.apache.catalina.LifecycleException: Failed to start component [org.apache.catalina.webresources.StandardRoot@20f12539]
		at org.apache.catalina.util.LifecycleBase.handleSubClassException(LifecycleBase.java:404)
		at org.apache.catalina.util.LifecycleBase.start(LifecycleBase.java:179)
		at org.apache.catalina.core.StandardContext.resourcesStart(StandardContext.java:4147)
		at org.apache.catalina.core.StandardContext.startInternal(StandardContext.java:4269)
		at org.apache.catalina.util.LifecycleBase.start(LifecycleBase.java:164)
		at org.apache.catalina.core.ContainerBase.addChildInternal(ContainerBase.java:597)
		... 35 more
	Caused by: java.lang.IllegalArgumentException: The main resource set specified [C:\Users\smore\Desktop\AreaDeFiguras-20242020091\build\web] is not a directory or war file, or is not readable (it does not exist or permissions to access it are missing)
		at org.apache.catalina.webresources.StandardRoot.createMainResourceSet(StandardRoot.java:758)
		at org.apache.catalina.webresources.StandardRoot.startInternal(StandardRoot.java:715)
		at org.apache.catalina.util.LifecycleBase.start(LifecycleBase.java:164)
		... 39 more
24-Oct-2025 01:42:18.385 INFO [main] org.apache.catalina.startup.HostConfig.deployDescriptor Deployment of deployment descriptor [C:\Users\smore\Desktop\apache-tomcat-10.1.48\conf\Catalina\localhost\AreaDeFiguras.xml] has finished in [228] ms
24-Oct-2025 01:42:18.387 INFO [main] org.apache.catalina.startup.HostConfig.deployDirectory Deploying web application directory [C:\Users\smore\Desktop\apache-tomcat-10.1.48\webapps\docs]
24-Oct-2025 01:42:18.654 INFO [main] org.apache.jasper.servlet.TldScanner.scanJars At least one JAR was scanned for TLDs yet contained no TLDs. Enable debug logging for this logger for a complete list of JARs that were scanned but no TLDs were found in them. Skipping unneeded JARs during scanning can improve startup time and JSP compilation time.
24-Oct-2025 01:42:18.660 INFO [main] org.apache.catalina.startup.HostConfig.deployDirectory Deployment of web application directory [C:\Users\smore\Desktop\apache-tomcat-10.1.48\webapps\docs] has finished in [272] ms
24-Oct-2025 01:42:18.661 INFO [main] org.apache.catalina.startup.HostConfig.deployDirectory Deploying web application directory [C:\Users\smore\Desktop\apache-tomcat-10.1.48\webapps\examples]
24-Oct-2025 01:42:19.884 INFO [main] org.apache.jasper.servlet.TldScanner.scanJars At least one JAR was scanned for TLDs yet contained no TLDs. Enable debug logging for this logger for a complete list of JARs that were scanned but no TLDs were found in them. Skipping unneeded JARs during scanning can improve startup time and JSP compilation time.
24-Oct-2025 01:42:20.025 INFO [main] org.apache.catalina.startup.HostConfig.deployDirectory Deployment of web application directory [C:\Users\smore\Desktop\apache-tomcat-10.1.48\webapps\examples] has finished in [1,364] ms
24-Oct-2025 01:42:20.026 INFO [main] org.apache.catalina.startup.HostConfig.deployDirectory Deploying web application directory [C:\Users\smore\Desktop\apache-tomcat-10.1.48\webapps\host-manager]
24-Oct-2025 01:42:20.287 INFO [main] org.apache.jasper.servlet.TldScanner.scanJars At least one JAR was scanned for TLDs yet contained no TLDs. Enable debug logging for this logger for a complete list of JARs that were scanned but no TLDs were found in them. Skipping unneeded JARs during scanning can improve startup time and JSP compilation time.
24-Oct-2025 01:42:20.314 INFO [main] org.apache.catalina.startup.HostConfig.deployDirectory Deployment of web application directory [C:\Users\smore\Desktop\apache-tomcat-10.1.48\webapps\host-manager] has finished in [288] ms
24-Oct-2025 01:42:20.315 INFO [main] org.apache.catalina.startup.HostConfig.deployDirectory Deploying web application directory [C:\Users\smore\Desktop\apache-tomcat-10.1.48\webapps\manager]
24-Oct-2025 01:42:20.550 INFO [main] org.apache.jasper.servlet.TldScanner.scanJars At least one JAR was scanned for TLDs yet contained no TLDs. Enable debug logging for this logger for a complete list of JARs that were scanned but no TLDs were found in them. Skipping unneeded JARs during scanning can improve startup time and JSP compilation time.
24-Oct-2025 01:42:20.562 INFO [main] org.apache.catalina.startup.HostConfig.deployDirectory Deployment of web application directory [C:\Users\smore\Desktop\apache-tomcat-10.1.48\webapps\manager] has finished in [246] ms
24-Oct-2025 01:42:20.563 INFO [main] org.apache.catalina.startup.HostConfig.deployDirectory Deploying web application directory [C:\Users\smore\Desktop\apache-tomcat-10.1.48\webapps\ROOT]
24-Oct-2025 01:42:20.753 INFO [main] org.apache.jasper.servlet.TldScanner.scanJars At least one JAR was scanned for TLDs yet contained no TLDs. Enable debug logging for this logger for a complete list of JARs that were scanned but no TLDs were found in them. Skipping unneeded JARs during scanning can improve startup time and JSP compilation time.
24-Oct-2025 01:42:20.758 INFO [main] org.apache.catalina.startup.HostConfig.deployDirectory Deployment of web application directory [C:\Users\smore\Desktop\apache-tomcat-10.1.48\webapps\ROOT] has finished in [196] ms
24-Oct-2025 01:42:20.768 INFO [main] org.apache.coyote.AbstractProtocol.start Starting ProtocolHandler ["http-nio-8080"]
24-Oct-2025 01:42:20.842 INFO [main] org.apache.catalina.startup.Catalina.start Server startup in [4135] milliseconds
24-Oct-2025 01:42:23.581 INFO [http-nio-8080-exec-10] org.apache.catalina.startup.HostConfig.undeploy Undeploying context [/AGym]
24-Oct-2025 01:42:23.659 INFO [http-nio-8080-exec-5] org.apache.catalina.startup.HostConfig.deployDescriptor Deploying deployment descriptor [C:\Users\smore\Desktop\apache-tomcat-10.1.48\conf\Catalina\localhost\AGym.xml]
24-Oct-2025 01:42:23.663 WARNING [http-nio-8080-exec-5] org.apache.catalina.startup.HostConfig.deployDescriptor The path attribute with value [/AGym] in deployment descriptor [C:\Users\smore\Desktop\apache-tomcat-10.1.48\conf\Catalina\localhost\AGym.xml] has been ignored
24-Oct-2025 01:42:24.052 INFO [http-nio-8080-exec-5] org.apache.jasper.servlet.TldScanner.scanJars At least one JAR was scanned for TLDs yet contained no TLDs. Enable debug logging for this logger for a complete list of JARs that were scanned but no TLDs were found in them. Skipping unneeded JARs during scanning can improve startup time and JSP compilation time.
24-Oct-2025 01:42:24.064 INFO [http-nio-8080-exec-5] org.apache.catalina.startup.HostConfig.deployDescriptor Deployment of deployment descriptor [C:\Users\smore\Desktop\apache-tomcat-10.1.48\conf\Catalina\localhost\AGym.xml] has finished in [406] ms
24-Oct-2025 01:42:24.073 INFO [http-nio-8080-exec-8] org.apache.catalina.util.LifecycleBase.start The start() method was called on component [StandardEngine[Catalina].StandardHost[localhost].StandardContext[/AGym]] after start() had already been called. The second call will be ignored.
24-Oct-2025 02:21:55.141 INFO [main] org.apache.catalina.core.StandardServer.await A valid shutdown command was received via the shutdown port. Stopping the Server instance.
24-Oct-2025 02:21:55.171 INFO [main] org.apache.coyote.AbstractProtocol.pause Pausing ProtocolHandler ["http-nio-8080"]
24-Oct-2025 02:21:55.278 INFO [main] org.apache.catalina.core.StandardService.stopInternal Stopping service [Catalina]
24-Oct-2025 02:21:55.669 INFO [main] org.apache.coyote.AbstractProtocol.stop Stopping ProtocolHandler ["http-nio-8080"]
24-Oct-2025 02:21:55.806 INFO [main] org.apache.coyote.AbstractProtocol.destroy Destroying ProtocolHandler ["http-nio-8080"]
24-Oct-2025 02:24:41.606 INFO [main] org.apache.catalina.startup.VersionLoggerListener.log Server version name:   Apache Tomcat/10.1.48
24-Oct-2025 02:24:41.614 INFO [main] org.apache.catalina.startup.VersionLoggerListener.log Server built:          Oct 10 2025 14:33:56 UTC
24-Oct-2025 02:24:41.614 INFO [main] org.apache.catalina.startup.VersionLoggerListener.log Server version number: 10.1.48.0
24-Oct-2025 02:24:41.614 INFO [main] org.apache.catalina.startup.VersionLoggerListener.log OS Name:               Windows 11
24-Oct-2025 02:24:41.614 INFO [main] org.apache.catalina.startup.VersionLoggerListener.log OS Version:            10.0
24-Oct-2025 02:24:41.615 INFO [main] org.apache.catalina.startup.VersionLoggerListener.log Architecture:          amd64
24-Oct-2025 02:24:41.615 INFO [main] org.apache.catalina.startup.VersionLoggerListener.log Java Home:             C:\Program Files\Apache NetBeans\jdk
24-Oct-2025 02:24:41.615 INFO [main] org.apache.catalina.startup.VersionLoggerListener.log JVM Version:           24.0.2+12
24-Oct-2025 02:24:41.615 INFO [main] org.apache.catalina.startup.VersionLoggerListener.log JVM Vendor:            Azul Systems, Inc.
24-Oct-2025 02:24:41.615 INFO [main] org.apache.catalina.startup.VersionLoggerListener.log CATALINA_BASE:         C:\Users\smore\Desktop\apache-tomcat-10.1.48
24-Oct-2025 02:24:41.616 INFO [main] org.apache.catalina.startup.VersionLoggerListener.log CATALINA_HOME:         C:\Users\smore\Desktop\apache-tomcat-10.1.48
24-Oct-2025 02:24:41.645 INFO [main] org.apache.catalina.startup.VersionLoggerListener.log Command line argument: -Djava.util.logging.config.file=C:\Users\smore\Desktop\apache-tomcat-10.1.48\conf\logging.properties
24-Oct-2025 02:24:41.647 INFO [main] org.apache.catalina.startup.VersionLoggerListener.log Command line argument: -Djava.util.logging.manager=org.apache.juli.ClassLoaderLogManager
24-Oct-2025 02:24:41.647 INFO [main] org.apache.catalina.startup.VersionLoggerListener.log Command line argument: -Djdk.tls.ephemeralDHKeySize=2048
24-Oct-2025 02:24:41.647 INFO [main] org.apache.catalina.startup.VersionLoggerListener.log Command line argument: -Djava.protocol.handler.pkgs=org.apache.catalina.webresources
24-Oct-2025 02:24:41.647 INFO [main] org.apache.catalina.startup.VersionLoggerListener.log Command line argument: -Dsun.io.useCanonCaches=false
24-Oct-2025 02:24:41.647 INFO [main] org.apache.catalina.startup.VersionLoggerListener.log Command line argument: --add-opens=java.base/java.lang=ALL-UNNAMED
24-Oct-2025 02:24:41.647 INFO [main] org.apache.catalina.startup.VersionLoggerListener.log Command line argument: --add-opens=java.base/java.lang.reflect=ALL-UNNAMED
24-Oct-2025 02:24:41.647 INFO [main] org.apache.catalina.startup.VersionLoggerListener.log Command line argument: --add-opens=java.base/java.io=ALL-UNNAMED
24-Oct-2025 02:24:41.648 INFO [main] org.apache.catalina.startup.VersionLoggerListener.log Command line argument: --add-opens=java.base/java.util=ALL-UNNAMED
24-Oct-2025 02:24:41.648 INFO [main] org.apache.catalina.startup.VersionLoggerListener.log Command line argument: --add-opens=java.base/java.util.concurrent=ALL-UNNAMED
24-Oct-2025 02:24:41.648 INFO [main] org.apache.catalina.startup.VersionLoggerListener.log Command line argument: --add-opens=java.rmi/sun.rmi.transport=ALL-UNNAMED
24-Oct-2025 02:24:41.648 INFO [main] org.apache.catalina.startup.VersionLoggerListener.log Command line argument: -Dcatalina.base=C:\Users\smore\Desktop\apache-tomcat-10.1.48
24-Oct-2025 02:24:41.648 INFO [main] org.apache.catalina.startup.VersionLoggerListener.log Command line argument: -Dcatalina.home=C:\Users\smore\Desktop\apache-tomcat-10.1.48
24-Oct-2025 02:24:41.648 INFO [main] org.apache.catalina.startup.VersionLoggerListener.log Command line argument: -Djava.io.tmpdir=C:\Users\smore\Desktop\apache-tomcat-10.1.48\temp
24-Oct-2025 02:24:41.701 INFO [main] org.apache.catalina.core.AprLifecycleListener.lifecycleEvent Loaded Apache Tomcat Native library [2.0.9] using APR version [1.7.6].
24-Oct-2025 02:24:41.762 INFO [main] org.apache.catalina.core.AprLifecycleListener.initializeSSL OpenSSL successfully initialized [OpenSSL 3.5.0 8 Apr 2025]
24-Oct-2025 02:24:42.615 INFO [main] org.apache.coyote.AbstractProtocol.init Initializing ProtocolHandler ["http-nio-8080"]
24-Oct-2025 02:24:42.650 INFO [main] org.apache.catalina.startup.Catalina.load Server initialization in [1630] milliseconds
24-Oct-2025 02:24:42.766 INFO [main] org.apache.catalina.core.StandardService.startInternal Starting service [Catalina]
24-Oct-2025 02:24:42.766 INFO [main] org.apache.catalina.core.StandardEngine.startInternal Starting Servlet engine: [Apache Tomcat/10.1.48]
24-Oct-2025 02:24:42.793 INFO [main] org.apache.catalina.startup.HostConfig.deployDescriptor Deploying deployment descriptor [C:\Users\smore\Desktop\apache-tomcat-10.1.48\conf\Catalina\localhost\AGym.xml]
24-Oct-2025 02:24:42.830 WARNING [main] org.apache.catalina.startup.HostConfig.deployDescriptor The path attribute with value [/AGym] in deployment descriptor [C:\Users\smore\Desktop\apache-tomcat-10.1.48\conf\Catalina\localhost\AGym.xml] has been ignored
24-Oct-2025 02:24:43.913 INFO [main] org.apache.jasper.servlet.TldScanner.scanJars At least one JAR was scanned for TLDs yet contained no TLDs. Enable debug logging for this logger for a complete list of JARs that were scanned but no TLDs were found in them. Skipping unneeded JARs during scanning can improve startup time and JSP compilation time.
24-Oct-2025 02:24:44.076 INFO [main] org.apache.catalina.startup.HostConfig.deployDescriptor Deployment of deployment descriptor [C:\Users\smore\Desktop\apache-tomcat-10.1.48\conf\Catalina\localhost\AGym.xml] has finished in [1,283] ms
24-Oct-2025 02:24:44.078 INFO [main] org.apache.catalina.startup.HostConfig.deployDescriptor Deploying deployment descriptor [C:\Users\smore\Desktop\apache-tomcat-10.1.48\conf\Catalina\localhost\AreaCalculator.xml]
24-Oct-2025 02:24:44.082 WARNING [main] org.apache.catalina.startup.HostConfig.deployDescriptor The path attribute with value [/AreaCalculator] in deployment descriptor [C:\Users\smore\Desktop\apache-tomcat-10.1.48\conf\Catalina\localhost\AreaCalculator.xml] has been ignored
24-Oct-2025 02:24:44.100 SEVERE [main] org.apache.catalina.startup.HostConfig.deployDescriptor Error deploying deployment descriptor [C:\Users\smore\Desktop\apache-tomcat-10.1.48\conf\Catalina\localhost\AreaCalculator.xml]
	java.lang.IllegalStateException: Error starting child
		at org.apache.catalina.core.ContainerBase.addChildInternal(ContainerBase.java:600)
		at org.apache.catalina.core.ContainerBase.addChild(ContainerBase.java:569)
		at org.apache.catalina.core.StandardHost.addChild(StandardHost.java:652)
		at org.apache.catalina.startup.HostConfig.deployDescriptor(HostConfig.java:629)
		at org.apache.catalina.startup.HostConfig$DeployDescriptor.run(HostConfig.java:1878)
		at java.base/java.util.concurrent.Executors$RunnableAdapter.call(Executors.java:545)
		at java.base/java.util.concurrent.FutureTask.run(FutureTask.java:328)
		at org.apache.tomcat.util.threads.InlineExecutorService.execute(InlineExecutorService.java:81)
		at java.base/java.util.concurrent.AbstractExecutorService.submit(AbstractExecutorService.java:124)
		at org.apache.catalina.startup.HostConfig.deployDescriptors(HostConfig.java:524)
		at org.apache.catalina.startup.HostConfig.deployApps(HostConfig.java:415)
		at org.apache.catalina.startup.HostConfig.start(HostConfig.java:1618)
		at org.apache.catalina.startup.HostConfig.lifecycleEvent(HostConfig.java:300)
		at org.apache.catalina.util.LifecycleBase.fireLifecycleEvent(LifecycleBase.java:109)
		at org.apache.catalina.util.LifecycleBase.setStateInternal(LifecycleBase.java:389)
		at org.apache.catalina.util.LifecycleBase.setState(LifecycleBase.java:336)
		at org.apache.catalina.core.ContainerBase.startInternal(ContainerBase.java:774)
		at org.apache.catalina.core.StandardHost.startInternal(StandardHost.java:770)
		at org.apache.catalina.util.LifecycleBase.start(LifecycleBase.java:164)
		at org.apache.catalina.core.ContainerBase$StartChild.call(ContainerBase.java:1201)
		at org.apache.catalina.core.ContainerBase$StartChild.call(ContainerBase.java:1191)
		at java.base/java.util.concurrent.FutureTask.run(FutureTask.java:328)
		at org.apache.tomcat.util.threads.InlineExecutorService.execute(InlineExecutorService.java:81)
		at java.base/java.util.concurrent.AbstractExecutorService.submit(AbstractExecutorService.java:148)
		at org.apache.catalina.core.ContainerBase.startInternal(ContainerBase.java:747)
		at org.apache.catalina.core.StandardEngine.startInternal(StandardEngine.java:201)
		at org.apache.catalina.util.LifecycleBase.start(LifecycleBase.java:164)
		at org.apache.catalina.core.StandardService.startInternal(StandardService.java:410)
		at org.apache.catalina.util.LifecycleBase.start(LifecycleBase.java:164)
		at org.apache.catalina.core.StandardServer.startInternal(StandardServer.java:868)
		at org.apache.catalina.util.LifecycleBase.start(LifecycleBase.java:164)
		at org.apache.catalina.startup.Catalina.start(Catalina.java:758)
		at java.base/jdk.internal.reflect.DirectMethodHandleAccessor.invoke(DirectMethodHandleAccessor.java:104)
		at java.base/java.lang.reflect.Method.invoke(Method.java:565)
		at org.apache.catalina.startup.Bootstrap.start(Bootstrap.java:342)
		at org.apache.catalina.startup.Bootstrap.main(Bootstrap.java:473)
	Caused by: org.apache.catalina.LifecycleException: Failed to start component [org.apache.catalina.webresources.StandardRoot@6bea52d4]
		at org.apache.catalina.util.LifecycleBase.handleSubClassException(LifecycleBase.java:404)
		at org.apache.catalina.util.LifecycleBase.start(LifecycleBase.java:179)
		at org.apache.catalina.core.StandardContext.resourcesStart(StandardContext.java:4147)
		at org.apache.catalina.core.StandardContext.startInternal(StandardContext.java:4269)
		at org.apache.catalina.util.LifecycleBase.start(LifecycleBase.java:164)
		at org.apache.catalina.core.ContainerBase.addChildInternal(ContainerBase.java:597)
		... 35 more
	Caused by: java.lang.IllegalArgumentException: The main resource set specified [C:\Users\smore\Desktop\AreaCalculator\build\web] is not a directory or war file, or is not readable (it does not exist or permissions to access it are missing)
		at org.apache.catalina.webresources.StandardRoot.createMainResourceSet(StandardRoot.java:758)
		at org.apache.catalina.webresources.StandardRoot.startInternal(StandardRoot.java:715)
		at org.apache.catalina.util.LifecycleBase.start(LifecycleBase.java:164)
		... 39 more
24-Oct-2025 02:24:44.131 INFO [main] org.apache.catalina.startup.HostConfig.deployDescriptor Deployment of deployment descriptor [C:\Users\smore\Desktop\apache-tomcat-10.1.48\conf\Catalina\localhost\AreaCalculator.xml] has finished in [53] ms
24-Oct-2025 02:24:44.132 INFO [main] org.apache.catalina.startup.HostConfig.deployDescriptor Deploying deployment descriptor [C:\Users\smore\Desktop\apache-tomcat-10.1.48\conf\Catalina\localhost\AreaDeFiguras.xml]
24-Oct-2025 02:24:44.135 WARNING [main] org.apache.catalina.startup.HostConfig.deployDescriptor The path attribute with value [/AreaDeFiguras] in deployment descriptor [C:\Users\smore\Desktop\apache-tomcat-10.1.48\conf\Catalina\localhost\AreaDeFiguras.xml] has been ignored
24-Oct-2025 02:24:44.151 SEVERE [main] org.apache.catalina.startup.HostConfig.deployDescriptor Error deploying deployment descriptor [C:\Users\smore\Desktop\apache-tomcat-10.1.48\conf\Catalina\localhost\AreaDeFiguras.xml]
	java.lang.IllegalStateException: Error starting child
		at org.apache.catalina.core.ContainerBase.addChildInternal(ContainerBase.java:600)
		at org.apache.catalina.core.ContainerBase.addChild(ContainerBase.java:569)
		at org.apache.catalina.core.StandardHost.addChild(StandardHost.java:652)
		at org.apache.catalina.startup.HostConfig.deployDescriptor(HostConfig.java:629)
		at org.apache.catalina.startup.HostConfig$DeployDescriptor.run(HostConfig.java:1878)
		at java.base/java.util.concurrent.Executors$RunnableAdapter.call(Executors.java:545)
		at java.base/java.util.concurrent.FutureTask.run(FutureTask.java:328)
		at org.apache.tomcat.util.threads.InlineExecutorService.execute(InlineExecutorService.java:81)
		at java.base/java.util.concurrent.AbstractExecutorService.submit(AbstractExecutorService.java:124)
		at org.apache.catalina.startup.HostConfig.deployDescriptors(HostConfig.java:524)
		at org.apache.catalina.startup.HostConfig.deployApps(HostConfig.java:415)
		at org.apache.catalina.startup.HostConfig.start(HostConfig.java:1618)
		at org.apache.catalina.startup.HostConfig.lifecycleEvent(HostConfig.java:300)
		at org.apache.catalina.util.LifecycleBase.fireLifecycleEvent(LifecycleBase.java:109)
		at org.apache.catalina.util.LifecycleBase.setStateInternal(LifecycleBase.java:389)
		at org.apache.catalina.util.LifecycleBase.setState(LifecycleBase.java:336)
		at org.apache.catalina.core.ContainerBase.startInternal(ContainerBase.java:774)
		at org.apache.catalina.core.StandardHost.startInternal(StandardHost.java:770)
		at org.apache.catalina.util.LifecycleBase.start(LifecycleBase.java:164)
		at org.apache.catalina.core.ContainerBase$StartChild.call(ContainerBase.java:1201)
		at org.apache.catalina.core.ContainerBase$StartChild.call(ContainerBase.java:1191)
		at java.base/java.util.concurrent.FutureTask.run(FutureTask.java:328)
		at org.apache.tomcat.util.threads.InlineExecutorService.execute(InlineExecutorService.java:81)
		at java.base/java.util.concurrent.AbstractExecutorService.submit(AbstractExecutorService.java:148)
		at org.apache.catalina.core.ContainerBase.startInternal(ContainerBase.java:747)
		at org.apache.catalina.core.StandardEngine.startInternal(StandardEngine.java:201)
		at org.apache.catalina.util.LifecycleBase.start(LifecycleBase.java:164)
		at org.apache.catalina.core.StandardService.startInternal(StandardService.java:410)
		at org.apache.catalina.util.LifecycleBase.start(LifecycleBase.java:164)
		at org.apache.catalina.core.StandardServer.startInternal(StandardServer.java:868)
		at org.apache.catalina.util.LifecycleBase.start(LifecycleBase.java:164)
		at org.apache.catalina.startup.Catalina.start(Catalina.java:758)
		at java.base/jdk.internal.reflect.DirectMethodHandleAccessor.invoke(DirectMethodHandleAccessor.java:104)
		at java.base/java.lang.reflect.Method.invoke(Method.java:565)
		at org.apache.catalina.startup.Bootstrap.start(Bootstrap.java:342)
		at org.apache.catalina.startup.Bootstrap.main(Bootstrap.java:473)
	Caused by: org.apache.catalina.LifecycleException: Failed to start component [org.apache.catalina.webresources.StandardRoot@a4ca3f6]
		at org.apache.catalina.util.LifecycleBase.handleSubClassException(LifecycleBase.java:404)
		at org.apache.catalina.util.LifecycleBase.start(LifecycleBase.java:179)
		at org.apache.catalina.core.StandardContext.resourcesStart(StandardContext.java:4147)
		at org.apache.catalina.core.StandardContext.startInternal(StandardContext.java:4269)
		at org.apache.catalina.util.LifecycleBase.start(LifecycleBase.java:164)
		at org.apache.catalina.core.ContainerBase.addChildInternal(ContainerBase.java:597)
		... 35 more
	Caused by: java.lang.IllegalArgumentException: The main resource set specified [C:\Users\smore\Desktop\AreaDeFiguras-20242020091\build\web] is not a directory or war file, or is not readable (it does not exist or permissions to access it are missing)
		at org.apache.catalina.webresources.StandardRoot.createMainResourceSet(StandardRoot.java:758)
		at org.apache.catalina.webresources.StandardRoot.startInternal(StandardRoot.java:715)
		at org.apache.catalina.util.LifecycleBase.start(LifecycleBase.java:164)
		... 39 more
24-Oct-2025 02:24:44.345 INFO [main] org.apache.catalina.startup.HostConfig.deployDescriptor Deployment of deployment descriptor [C:\Users\smore\Desktop\apache-tomcat-10.1.48\conf\Catalina\localhost\AreaDeFiguras.xml] has finished in [212] ms
24-Oct-2025 02:24:44.346 INFO [main] org.apache.catalina.startup.HostConfig.deployDirectory Deploying web application directory [C:\Users\smore\Desktop\apache-tomcat-10.1.48\webapps\docs]
24-Oct-2025 02:24:44.643 INFO [main] org.apache.jasper.servlet.TldScanner.scanJars At least one JAR was scanned for TLDs yet contained no TLDs. Enable debug logging for this logger for a complete list of JARs that were scanned but no TLDs were found in them. Skipping unneeded JARs during scanning can improve startup time and JSP compilation time.
24-Oct-2025 02:24:44.652 INFO [main] org.apache.catalina.startup.HostConfig.deployDirectory Deployment of web application directory [C:\Users\smore\Desktop\apache-tomcat-10.1.48\webapps\docs] has finished in [305] ms
24-Oct-2025 02:24:44.653 INFO [main] org.apache.catalina.startup.HostConfig.deployDirectory Deploying web application directory [C:\Users\smore\Desktop\apache-tomcat-10.1.48\webapps\examples]
24-Oct-2025 02:24:46.088 INFO [main] org.apache.jasper.servlet.TldScanner.scanJars At least one JAR was scanned for TLDs yet contained no TLDs. Enable debug logging for this logger for a complete list of JARs that were scanned but no TLDs were found in them. Skipping unneeded JARs during scanning can improve startup time and JSP compilation time.
24-Oct-2025 02:24:46.247 INFO [main] org.apache.catalina.startup.HostConfig.deployDirectory Deployment of web application directory [C:\Users\smore\Desktop\apache-tomcat-10.1.48\webapps\examples] has finished in [1,593] ms
24-Oct-2025 02:24:46.247 INFO [main] org.apache.catalina.startup.HostConfig.deployDirectory Deploying web application directory [C:\Users\smore\Desktop\apache-tomcat-10.1.48\webapps\host-manager]
24-Oct-2025 02:24:46.532 INFO [main] org.apache.jasper.servlet.TldScanner.scanJars At least one JAR was scanned for TLDs yet contained no TLDs. Enable debug logging for this logger for a complete list of JARs that were scanned but no TLDs were found in them. Skipping unneeded JARs during scanning can improve startup time and JSP compilation time.
24-Oct-2025 02:24:46.557 INFO [main] org.apache.catalina.startup.HostConfig.deployDirectory Deployment of web application directory [C:\Users\smore\Desktop\apache-tomcat-10.1.48\webapps\host-manager] has finished in [310] ms
24-Oct-2025 02:24:46.558 INFO [main] org.apache.catalina.startup.HostConfig.deployDirectory Deploying web application directory [C:\Users\smore\Desktop\apache-tomcat-10.1.48\webapps\manager]
24-Oct-2025 02:24:46.781 INFO [main] org.apache.jasper.servlet.TldScanner.scanJars At least one JAR was scanned for TLDs yet contained no TLDs. Enable debug logging for this logger for a complete list of JARs that were scanned but no TLDs were found in them. Skipping unneeded JARs during scanning can improve startup time and JSP compilation time.
24-Oct-2025 02:24:46.791 INFO [main] org.apache.catalina.startup.HostConfig.deployDirectory Deployment of web application directory [C:\Users\smore\Desktop\apache-tomcat-10.1.48\webapps\manager] has finished in [232] ms
24-Oct-2025 02:24:46.791 INFO [main] org.apache.catalina.startup.HostConfig.deployDirectory Deploying web application directory [C:\Users\smore\Desktop\apache-tomcat-10.1.48\webapps\ROOT]
24-Oct-2025 02:24:46.961 INFO [main] org.apache.jasper.servlet.TldScanner.scanJars At least one JAR was scanned for TLDs yet contained no TLDs. Enable debug logging for this logger for a complete list of JARs that were scanned but no TLDs were found in them. Skipping unneeded JARs during scanning can improve startup time and JSP compilation time.
24-Oct-2025 02:24:46.966 INFO [main] org.apache.catalina.startup.HostConfig.deployDirectory Deployment of web application directory [C:\Users\smore\Desktop\apache-tomcat-10.1.48\webapps\ROOT] has finished in [175] ms
24-Oct-2025 02:24:46.977 INFO [main] org.apache.coyote.AbstractProtocol.start Starting ProtocolHandler ["http-nio-8080"]
24-Oct-2025 02:24:47.066 INFO [main] org.apache.catalina.startup.Catalina.start Server startup in [4414] milliseconds
24-Oct-2025 02:24:50.666 INFO [http-nio-8080-exec-2] org.apache.catalina.startup.HostConfig.undeploy Undeploying context [/AGym]
24-Oct-2025 02:24:50.744 INFO [http-nio-8080-exec-4] org.apache.catalina.startup.HostConfig.deployDescriptor Deploying deployment descriptor [C:\Users\smore\Desktop\apache-tomcat-10.1.48\conf\Catalina\localhost\AGym.xml]
24-Oct-2025 02:24:50.748 WARNING [http-nio-8080-exec-4] org.apache.catalina.startup.HostConfig.deployDescriptor The path attribute with value [/AGym] in deployment descriptor [C:\Users\smore\Desktop\apache-tomcat-10.1.48\conf\Catalina\localhost\AGym.xml] has been ignored
24-Oct-2025 02:24:51.090 INFO [http-nio-8080-exec-4] org.apache.jasper.servlet.TldScanner.scanJars At least one JAR was scanned for TLDs yet contained no TLDs. Enable debug logging for this logger for a complete list of JARs that were scanned but no TLDs were found in them. Skipping unneeded JARs during scanning can improve startup time and JSP compilation time.
24-Oct-2025 02:24:51.098 INFO [http-nio-8080-exec-4] org.apache.catalina.startup.HostConfig.deployDescriptor Deployment of deployment descriptor [C:\Users\smore\Desktop\apache-tomcat-10.1.48\conf\Catalina\localhost\AGym.xml] has finished in [354] ms
24-Oct-2025 02:24:51.106 INFO [http-nio-8080-exec-8] org.apache.catalina.util.LifecycleBase.start The start() method was called on component [StandardEngine[Catalina].StandardHost[localhost].StandardContext[/AGym]] after start() had already been called. The second call will be ignored.
24-Oct-2025 02:32:55.014 INFO [main] org.apache.catalina.core.StandardServer.await A valid shutdown command was received via the shutdown port. Stopping the Server instance.
24-Oct-2025 02:32:55.034 INFO [main] org.apache.coyote.AbstractProtocol.pause Pausing ProtocolHandler ["http-nio-8080"]
24-Oct-2025 02:32:55.108 INFO [main] org.apache.catalina.core.StandardService.stopInternal Stopping service [Catalina]
24-Oct-2025 02:32:55.323 INFO [main] org.apache.coyote.AbstractProtocol.stop Stopping ProtocolHandler ["http-nio-8080"]
24-Oct-2025 02:32:55.367 INFO [main] org.apache.coyote.AbstractProtocol.destroy Destroying ProtocolHandler ["http-nio-8080"]
24-Oct-2025 03:03:04.838 INFO [main] org.apache.catalina.startup.VersionLoggerListener.log Server version name:   Apache Tomcat/10.1.48
24-Oct-2025 03:03:04.848 INFO [main] org.apache.catalina.startup.VersionLoggerListener.log Server built:          Oct 10 2025 14:33:56 UTC
24-Oct-2025 03:03:04.849 INFO [main] org.apache.catalina.startup.VersionLoggerListener.log Server version number: 10.1.48.0
24-Oct-2025 03:03:04.849 INFO [main] org.apache.catalina.startup.VersionLoggerListener.log OS Name:               Windows 11
24-Oct-2025 03:03:04.850 INFO [main] org.apache.catalina.startup.VersionLoggerListener.log OS Version:            10.0
24-Oct-2025 03:03:04.850 INFO [main] org.apache.catalina.startup.VersionLoggerListener.log Architecture:          amd64
24-Oct-2025 03:03:04.850 INFO [main] org.apache.catalina.startup.VersionLoggerListener.log Java Home:             C:\Program Files\Apache NetBeans\jdk
24-Oct-2025 03:03:04.851 INFO [main] org.apache.catalina.startup.VersionLoggerListener.log JVM Version:           24.0.2+12
24-Oct-2025 03:03:04.851 INFO [main] org.apache.catalina.startup.VersionLoggerListener.log JVM Vendor:            Azul Systems, Inc.
24-Oct-2025 03:03:04.851 INFO [main] org.apache.catalina.startup.VersionLoggerListener.log CATALINA_BASE:         C:\Users\smore\Desktop\apache-tomcat-10.1.48
24-Oct-2025 03:03:04.851 INFO [main] org.apache.catalina.startup.VersionLoggerListener.log CATALINA_HOME:         C:\Users\smore\Desktop\apache-tomcat-10.1.48
24-Oct-2025 03:03:04.879 INFO [main] org.apache.catalina.startup.VersionLoggerListener.log Command line argument: -Djava.util.logging.config.file=C:\Users\smore\Desktop\apache-tomcat-10.1.48\conf\logging.properties
24-Oct-2025 03:03:04.879 INFO [main] org.apache.catalina.startup.VersionLoggerListener.log Command line argument: -Djava.util.logging.manager=org.apache.juli.ClassLoaderLogManager
24-Oct-2025 03:03:04.879 INFO [main] org.apache.catalina.startup.VersionLoggerListener.log Command line argument: -Djdk.tls.ephemeralDHKeySize=2048
24-Oct-2025 03:03:04.879 INFO [main] org.apache.catalina.startup.VersionLoggerListener.log Command line argument: -Djava.protocol.handler.pkgs=org.apache.catalina.webresources
24-Oct-2025 03:03:04.880 INFO [main] org.apache.catalina.startup.VersionLoggerListener.log Command line argument: -Dsun.io.useCanonCaches=false
24-Oct-2025 03:03:04.880 INFO [main] org.apache.catalina.startup.VersionLoggerListener.log Command line argument: --add-opens=java.base/java.lang=ALL-UNNAMED
24-Oct-2025 03:03:04.880 INFO [main] org.apache.catalina.startup.VersionLoggerListener.log Command line argument: --add-opens=java.base/java.lang.reflect=ALL-UNNAMED
24-Oct-2025 03:03:04.880 INFO [main] org.apache.catalina.startup.VersionLoggerListener.log Command line argument: --add-opens=java.base/java.io=ALL-UNNAMED
24-Oct-2025 03:03:04.880 INFO [main] org.apache.catalina.startup.VersionLoggerListener.log Command line argument: --add-opens=java.base/java.util=ALL-UNNAMED
24-Oct-2025 03:03:04.880 INFO [main] org.apache.catalina.startup.VersionLoggerListener.log Command line argument: --add-opens=java.base/java.util.concurrent=ALL-UNNAMED
24-Oct-2025 03:03:04.880 INFO [main] org.apache.catalina.startup.VersionLoggerListener.log Command line argument: --add-opens=java.rmi/sun.rmi.transport=ALL-UNNAMED
24-Oct-2025 03:03:04.881 INFO [main] org.apache.catalina.startup.VersionLoggerListener.log Command line argument: -Dcatalina.base=C:\Users\smore\Desktop\apache-tomcat-10.1.48
24-Oct-2025 03:03:04.881 INFO [main] org.apache.catalina.startup.VersionLoggerListener.log Command line argument: -Dcatalina.home=C:\Users\smore\Desktop\apache-tomcat-10.1.48
24-Oct-2025 03:03:04.881 INFO [main] org.apache.catalina.startup.VersionLoggerListener.log Command line argument: -Djava.io.tmpdir=C:\Users\smore\Desktop\apache-tomcat-10.1.48\temp
24-Oct-2025 03:03:04.901 INFO [main] org.apache.catalina.core.AprLifecycleListener.lifecycleEvent Loaded Apache Tomcat Native library [2.0.9] using APR version [1.7.6].
24-Oct-2025 03:03:04.949 INFO [main] org.apache.catalina.core.AprLifecycleListener.initializeSSL OpenSSL successfully initialized [OpenSSL 3.5.0 8 Apr 2025]
24-Oct-2025 03:03:05.809 INFO [main] org.apache.coyote.AbstractProtocol.init Initializing ProtocolHandler ["http-nio-8080"]
24-Oct-2025 03:03:05.856 INFO [main] org.apache.catalina.startup.Catalina.load Server initialization in [1615] milliseconds
24-Oct-2025 03:03:06.001 INFO [main] org.apache.catalina.core.StandardService.startInternal Starting service [Catalina]
24-Oct-2025 03:03:06.001 INFO [main] org.apache.catalina.core.StandardEngine.startInternal Starting Servlet engine: [Apache Tomcat/10.1.48]
24-Oct-2025 03:03:06.033 INFO [main] org.apache.catalina.startup.HostConfig.deployDescriptor Deploying deployment descriptor [C:\Users\smore\Desktop\apache-tomcat-10.1.48\conf\Catalina\localhost\AGym.xml]
24-Oct-2025 03:03:06.088 WARNING [main] org.apache.catalina.startup.HostConfig.deployDescriptor The path attribute with value [/AGym] in deployment descriptor [C:\Users\smore\Desktop\apache-tomcat-10.1.48\conf\Catalina\localhost\AGym.xml] has been ignored
24-Oct-2025 03:03:07.191 INFO [main] org.apache.jasper.servlet.TldScanner.scanJars At least one JAR was scanned for TLDs yet contained no TLDs. Enable debug logging for this logger for a complete list of JARs that were scanned but no TLDs were found in them. Skipping unneeded JARs during scanning can improve startup time and JSP compilation time.
24-Oct-2025 03:03:07.333 INFO [main] org.apache.catalina.startup.HostConfig.deployDescriptor Deployment of deployment descriptor [C:\Users\smore\Desktop\apache-tomcat-10.1.48\conf\Catalina\localhost\AGym.xml] has finished in [1,298] ms
24-Oct-2025 03:03:07.335 INFO [main] org.apache.catalina.startup.HostConfig.deployDescriptor Deploying deployment descriptor [C:\Users\smore\Desktop\apache-tomcat-10.1.48\conf\Catalina\localhost\AreaCalculator.xml]
24-Oct-2025 03:03:07.337 WARNING [main] org.apache.catalina.startup.HostConfig.deployDescriptor The path attribute with value [/AreaCalculator] in deployment descriptor [C:\Users\smore\Desktop\apache-tomcat-10.1.48\conf\Catalina\localhost\AreaCalculator.xml] has been ignored
24-Oct-2025 03:03:07.348 SEVERE [main] org.apache.catalina.startup.HostConfig.deployDescriptor Error deploying deployment descriptor [C:\Users\smore\Desktop\apache-tomcat-10.1.48\conf\Catalina\localhost\AreaCalculator.xml]
	java.lang.IllegalStateException: Error starting child
		at org.apache.catalina.core.ContainerBase.addChildInternal(ContainerBase.java:600)
		at org.apache.catalina.core.ContainerBase.addChild(ContainerBase.java:569)
		at org.apache.catalina.core.StandardHost.addChild(StandardHost.java:652)
		at org.apache.catalina.startup.HostConfig.deployDescriptor(HostConfig.java:629)
		at org.apache.catalina.startup.HostConfig$DeployDescriptor.run(HostConfig.java:1878)
		at java.base/java.util.concurrent.Executors$RunnableAdapter.call(Executors.java:545)
		at java.base/java.util.concurrent.FutureTask.run(FutureTask.java:328)
		at org.apache.tomcat.util.threads.InlineExecutorService.execute(InlineExecutorService.java:81)
		at java.base/java.util.concurrent.AbstractExecutorService.submit(AbstractExecutorService.java:124)
		at org.apache.catalina.startup.HostConfig.deployDescriptors(HostConfig.java:524)
		at org.apache.catalina.startup.HostConfig.deployApps(HostConfig.java:415)
		at org.apache.catalina.startup.HostConfig.start(HostConfig.java:1618)
		at org.apache.catalina.startup.HostConfig.lifecycleEvent(HostConfig.java:300)
		at org.apache.catalina.util.LifecycleBase.fireLifecycleEvent(LifecycleBase.java:109)
		at org.apache.catalina.util.LifecycleBase.setStateInternal(LifecycleBase.java:389)
		at org.apache.catalina.util.LifecycleBase.setState(LifecycleBase.java:336)
		at org.apache.catalina.core.ContainerBase.startInternal(ContainerBase.java:774)
		at org.apache.catalina.core.StandardHost.startInternal(StandardHost.java:770)
		at org.apache.catalina.util.LifecycleBase.start(LifecycleBase.java:164)
		at org.apache.catalina.core.ContainerBase$StartChild.call(ContainerBase.java:1201)
		at org.apache.catalina.core.ContainerBase$StartChild.call(ContainerBase.java:1191)
		at java.base/java.util.concurrent.FutureTask.run(FutureTask.java:328)
		at org.apache.tomcat.util.threads.InlineExecutorService.execute(InlineExecutorService.java:81)
		at java.base/java.util.concurrent.AbstractExecutorService.submit(AbstractExecutorService.java:148)
		at org.apache.catalina.core.ContainerBase.startInternal(ContainerBase.java:747)
		at org.apache.catalina.core.StandardEngine.startInternal(StandardEngine.java:201)
		at org.apache.catalina.util.LifecycleBase.start(LifecycleBase.java:164)
		at org.apache.catalina.core.StandardService.startInternal(StandardService.java:410)
		at org.apache.catalina.util.LifecycleBase.start(LifecycleBase.java:164)
		at org.apache.catalina.core.StandardServer.startInternal(StandardServer.java:868)
		at org.apache.catalina.util.LifecycleBase.start(LifecycleBase.java:164)
		at org.apache.catalina.startup.Catalina.start(Catalina.java:758)
		at java.base/jdk.internal.reflect.DirectMethodHandleAccessor.invoke(DirectMethodHandleAccessor.java:104)
		at java.base/java.lang.reflect.Method.invoke(Method.java:565)
		at org.apache.catalina.startup.Bootstrap.start(Bootstrap.java:342)
		at org.apache.catalina.startup.Bootstrap.main(Bootstrap.java:473)
	Caused by: org.apache.catalina.LifecycleException: Failed to start component [org.apache.catalina.webresources.StandardRoot@20a14b55]
		at org.apache.catalina.util.LifecycleBase.handleSubClassException(LifecycleBase.java:404)
		at org.apache.catalina.util.LifecycleBase.start(LifecycleBase.java:179)
		at org.apache.catalina.core.StandardContext.resourcesStart(StandardContext.java:4147)
		at org.apache.catalina.core.StandardContext.startInternal(StandardContext.java:4269)
		at org.apache.catalina.util.LifecycleBase.start(LifecycleBase.java:164)
		at org.apache.catalina.core.ContainerBase.addChildInternal(ContainerBase.java:597)
		... 35 more
	Caused by: java.lang.IllegalArgumentException: The main resource set specified [C:\Users\smore\Desktop\AreaCalculator\build\web] is not a directory or war file, or is not readable (it does not exist or permissions to access it are missing)
		at org.apache.catalina.webresources.StandardRoot.createMainResourceSet(StandardRoot.java:758)
		at org.apache.catalina.webresources.StandardRoot.startInternal(StandardRoot.java:715)
		at org.apache.catalina.util.LifecycleBase.start(LifecycleBase.java:164)
		... 39 more
24-Oct-2025 03:03:07.371 INFO [main] org.apache.catalina.startup.HostConfig.deployDescriptor Deployment of deployment descriptor [C:\Users\smore\Desktop\apache-tomcat-10.1.48\conf\Catalina\localhost\AreaCalculator.xml] has finished in [36] ms
24-Oct-2025 03:03:07.372 INFO [main] org.apache.catalina.startup.HostConfig.deployDescriptor Deploying deployment descriptor [C:\Users\smore\Desktop\apache-tomcat-10.1.48\conf\Catalina\localhost\AreaDeFiguras.xml]
24-Oct-2025 03:03:07.376 WARNING [main] org.apache.catalina.startup.HostConfig.deployDescriptor The path attribute with value [/AreaDeFiguras] in deployment descriptor [C:\Users\smore\Desktop\apache-tomcat-10.1.48\conf\Catalina\localhost\AreaDeFiguras.xml] has been ignored
24-Oct-2025 03:03:07.394 SEVERE [main] org.apache.catalina.startup.HostConfig.deployDescriptor Error deploying deployment descriptor [C:\Users\smore\Desktop\apache-tomcat-10.1.48\conf\Catalina\localhost\AreaDeFiguras.xml]
	java.lang.IllegalStateException: Error starting child
		at org.apache.catalina.core.ContainerBase.addChildInternal(ContainerBase.java:600)
		at org.apache.catalina.core.ContainerBase.addChild(ContainerBase.java:569)
		at org.apache.catalina.core.StandardHost.addChild(StandardHost.java:652)
		at org.apache.catalina.startup.HostConfig.deployDescriptor(HostConfig.java:629)
		at org.apache.catalina.startup.HostConfig$DeployDescriptor.run(HostConfig.java:1878)
		at java.base/java.util.concurrent.Executors$RunnableAdapter.call(Executors.java:545)
		at java.base/java.util.concurrent.FutureTask.run(FutureTask.java:328)
		at org.apache.tomcat.util.threads.InlineExecutorService.execute(InlineExecutorService.java:81)
		at java.base/java.util.concurrent.AbstractExecutorService.submit(AbstractExecutorService.java:124)
		at org.apache.catalina.startup.HostConfig.deployDescriptors(HostConfig.java:524)
		at org.apache.catalina.startup.HostConfig.deployApps(HostConfig.java:415)
		at org.apache.catalina.startup.HostConfig.start(HostConfig.java:1618)
		at org.apache.catalina.startup.HostConfig.lifecycleEvent(HostConfig.java:300)
		at org.apache.catalina.util.LifecycleBase.fireLifecycleEvent(LifecycleBase.java:109)
		at org.apache.catalina.util.LifecycleBase.setStateInternal(LifecycleBase.java:389)
		at org.apache.catalina.util.LifecycleBase.setState(LifecycleBase.java:336)
		at org.apache.catalina.core.ContainerBase.startInternal(ContainerBase.java:774)
		at org.apache.catalina.core.StandardHost.startInternal(StandardHost.java:770)
		at org.apache.catalina.util.LifecycleBase.start(LifecycleBase.java:164)
		at org.apache.catalina.core.ContainerBase$StartChild.call(ContainerBase.java:1201)
		at org.apache.catalina.core.ContainerBase$StartChild.call(ContainerBase.java:1191)
		at java.base/java.util.concurrent.FutureTask.run(FutureTask.java:328)
		at org.apache.tomcat.util.threads.InlineExecutorService.execute(InlineExecutorService.java:81)
		at java.base/java.util.concurrent.AbstractExecutorService.submit(AbstractExecutorService.java:148)
		at org.apache.catalina.core.ContainerBase.startInternal(ContainerBase.java:747)
		at org.apache.catalina.core.StandardEngine.startInternal(StandardEngine.java:201)
		at org.apache.catalina.util.LifecycleBase.start(LifecycleBase.java:164)
		at org.apache.catalina.core.StandardService.startInternal(StandardService.java:410)
		at org.apache.catalina.util.LifecycleBase.start(LifecycleBase.java:164)
		at org.apache.catalina.core.StandardServer.startInternal(StandardServer.java:868)
		at org.apache.catalina.util.LifecycleBase.start(LifecycleBase.java:164)
		at org.apache.catalina.startup.Catalina.start(Catalina.java:758)
		at java.base/jdk.internal.reflect.DirectMethodHandleAccessor.invoke(DirectMethodHandleAccessor.java:104)
		at java.base/java.lang.reflect.Method.invoke(Method.java:565)
		at org.apache.catalina.startup.Bootstrap.start(Bootstrap.java:342)
		at org.apache.catalina.startup.Bootstrap.main(Bootstrap.java:473)
	Caused by: org.apache.catalina.LifecycleException: Failed to start component [org.apache.catalina.webresources.StandardRoot@3f0846c6]
		at org.apache.catalina.util.LifecycleBase.handleSubClassException(LifecycleBase.java:404)
		at org.apache.catalina.util.LifecycleBase.start(LifecycleBase.java:179)
		at org.apache.catalina.core.StandardContext.resourcesStart(StandardContext.java:4147)
		at org.apache.catalina.core.StandardContext.startInternal(StandardContext.java:4269)
		at org.apache.catalina.util.LifecycleBase.start(LifecycleBase.java:164)
		at org.apache.catalina.core.ContainerBase.addChildInternal(ContainerBase.java:597)
		... 35 more
	Caused by: java.lang.IllegalArgumentException: The main resource set specified [C:\Users\smore\Desktop\AreaDeFiguras-20242020091\build\web] is not a directory or war file, or is not readable (it does not exist or permissions to access it are missing)
		at org.apache.catalina.webresources.StandardRoot.createMainResourceSet(StandardRoot.java:758)
		at org.apache.catalina.webresources.StandardRoot.startInternal(StandardRoot.java:715)
		at org.apache.catalina.util.LifecycleBase.start(LifecycleBase.java:164)
		... 39 more
24-Oct-2025 03:03:07.558 INFO [main] org.apache.catalina.startup.HostConfig.deployDescriptor Deployment of deployment descriptor [C:\Users\smore\Desktop\apache-tomcat-10.1.48\conf\Catalina\localhost\AreaDeFiguras.xml] has finished in [186] ms
24-Oct-2025 03:03:07.560 INFO [main] org.apache.catalina.startup.HostConfig.deployDirectory Deploying web application directory [C:\Users\smore\Desktop\apache-tomcat-10.1.48\webapps\docs]
24-Oct-2025 03:03:07.831 INFO [main] org.apache.jasper.servlet.TldScanner.scanJars At least one JAR was scanned for TLDs yet contained no TLDs. Enable debug logging for this logger for a complete list of JARs that were scanned but no TLDs were found in them. Skipping unneeded JARs during scanning can improve startup time and JSP compilation time.
24-Oct-2025 03:03:07.840 INFO [main] org.apache.catalina.startup.HostConfig.deployDirectory Deployment of web application directory [C:\Users\smore\Desktop\apache-tomcat-10.1.48\webapps\docs] has finished in [279] ms
24-Oct-2025 03:03:07.841 INFO [main] org.apache.catalina.startup.HostConfig.deployDirectory Deploying web application directory [C:\Users\smore\Desktop\apache-tomcat-10.1.48\webapps\examples]
24-Oct-2025 03:03:09.039 INFO [main] org.apache.jasper.servlet.TldScanner.scanJars At least one JAR was scanned for TLDs yet contained no TLDs. Enable debug logging for this logger for a complete list of JARs that were scanned but no TLDs were found in them. Skipping unneeded JARs during scanning can improve startup time and JSP compilation time.
24-Oct-2025 03:03:09.214 INFO [main] org.apache.catalina.startup.HostConfig.deployDirectory Deployment of web application directory [C:\Users\smore\Desktop\apache-tomcat-10.1.48\webapps\examples] has finished in [1,373] ms
24-Oct-2025 03:03:09.214 INFO [main] org.apache.catalina.startup.HostConfig.deployDirectory Deploying web application directory [C:\Users\smore\Desktop\apache-tomcat-10.1.48\webapps\host-manager]
24-Oct-2025 03:03:09.441 INFO [main] org.apache.jasper.servlet.TldScanner.scanJars At least one JAR was scanned for TLDs yet contained no TLDs. Enable debug logging for this logger for a complete list of JARs that were scanned but no TLDs were found in them. Skipping unneeded JARs during scanning can improve startup time and JSP compilation time.
24-Oct-2025 03:03:09.457 INFO [main] org.apache.catalina.startup.HostConfig.deployDirectory Deployment of web application directory [C:\Users\smore\Desktop\apache-tomcat-10.1.48\webapps\host-manager] has finished in [243] ms
24-Oct-2025 03:03:09.458 INFO [main] org.apache.catalina.startup.HostConfig.deployDirectory Deploying web application directory [C:\Users\smore\Desktop\apache-tomcat-10.1.48\webapps\manager]
24-Oct-2025 03:03:09.640 INFO [main] org.apache.jasper.servlet.TldScanner.scanJars At least one JAR was scanned for TLDs yet contained no TLDs. Enable debug logging for this logger for a complete list of JARs that were scanned but no TLDs were found in them. Skipping unneeded JARs during scanning can improve startup time and JSP compilation time.
24-Oct-2025 03:03:09.651 INFO [main] org.apache.catalina.startup.HostConfig.deployDirectory Deployment of web application directory [C:\Users\smore\Desktop\apache-tomcat-10.1.48\webapps\manager] has finished in [193] ms
24-Oct-2025 03:03:09.651 INFO [main] org.apache.catalina.startup.HostConfig.deployDirectory Deploying web application directory [C:\Users\smore\Desktop\apache-tomcat-10.1.48\webapps\ROOT]
24-Oct-2025 03:03:09.824 INFO [main] org.apache.jasper.servlet.TldScanner.scanJars At least one JAR was scanned for TLDs yet contained no TLDs. Enable debug logging for this logger for a complete list of JARs that were scanned but no TLDs were found in them. Skipping unneeded JARs during scanning can improve startup time and JSP compilation time.
24-Oct-2025 03:03:09.832 INFO [main] org.apache.catalina.startup.HostConfig.deployDirectory Deployment of web application directory [C:\Users\smore\Desktop\apache-tomcat-10.1.48\webapps\ROOT] has finished in [179] ms
24-Oct-2025 03:03:09.846 INFO [main] org.apache.coyote.AbstractProtocol.start Starting ProtocolHandler ["http-nio-8080"]
24-Oct-2025 03:03:09.922 INFO [main] org.apache.catalina.startup.Catalina.start Server startup in [4060] milliseconds
24-Oct-2025 03:03:13.024 INFO [http-nio-8080-exec-9] org.apache.catalina.startup.HostConfig.undeploy Undeploying context [/AGym]
24-Oct-2025 03:03:13.079 INFO [http-nio-8080-exec-4] org.apache.catalina.startup.HostConfig.deployDescriptor Deploying deployment descriptor [C:\Users\smore\Desktop\apache-tomcat-10.1.48\conf\Catalina\localhost\AGym.xml]
24-Oct-2025 03:03:13.082 WARNING [http-nio-8080-exec-4] org.apache.catalina.startup.HostConfig.deployDescriptor The path attribute with value [/AGym] in deployment descriptor [C:\Users\smore\Desktop\apache-tomcat-10.1.48\conf\Catalina\localhost\AGym.xml] has been ignored
24-Oct-2025 03:03:13.404 INFO [http-nio-8080-exec-4] org.apache.jasper.servlet.TldScanner.scanJars At least one JAR was scanned for TLDs yet contained no TLDs. Enable debug logging for this logger for a complete list of JARs that were scanned but no TLDs were found in them. Skipping unneeded JARs during scanning can improve startup time and JSP compilation time.
24-Oct-2025 03:03:13.409 INFO [http-nio-8080-exec-4] org.apache.catalina.startup.HostConfig.deployDescriptor Deployment of deployment descriptor [C:\Users\smore\Desktop\apache-tomcat-10.1.48\conf\Catalina\localhost\AGym.xml] has finished in [330] ms
24-Oct-2025 03:03:13.416 INFO [http-nio-8080-exec-7] org.apache.catalina.util.LifecycleBase.start The start() method was called on component [StandardEngine[Catalina].StandardHost[localhost].StandardContext[/AGym]] after start() had already been called. The second call will be ignored.
24-Oct-2025 03:04:34.261 INFO [main] org.apache.catalina.core.StandardServer.await A valid shutdown command was received via the shutdown port. Stopping the Server instance.
24-Oct-2025 03:04:34.262 INFO [main] org.apache.coyote.AbstractProtocol.pause Pausing ProtocolHandler ["http-nio-8080"]
24-Oct-2025 03:04:34.282 INFO [main] org.apache.catalina.core.StandardService.stopInternal Stopping service [Catalina]
24-Oct-2025 03:04:34.345 INFO [main] org.apache.coyote.AbstractProtocol.stop Stopping ProtocolHandler ["http-nio-8080"]
24-Oct-2025 03:04:34.353 INFO [main] org.apache.coyote.AbstractProtocol.destroy Destroying ProtocolHandler ["http-nio-8080"]
