24-Oct-2025 01:14:19.274 INFO [main] org.apache.catalina.core.ApplicationContext.log SessionListener: contextDestroyed()
24-Oct-2025 01:14:19.275 INFO [main] org.apache.catalina.core.ApplicationContext.log ContextListener: contextDestroyed()
24-Oct-2025 01:17:03.387 INFO [main] org.apache.catalina.core.ApplicationContext.log ContextListener: contextInitialized()
24-Oct-2025 01:17:03.387 INFO [main] org.apache.catalina.core.ApplicationContext.log SessionListener: contextInitialized()
24-Oct-2025 01:17:03.393 INFO [main] org.apache.catalina.core.ApplicationContext.log ContextListener: attributeAdded('StockTicker', 'async.Stockticker@1ea9f009')
24-Oct-2025 01:34:28.135 INFO [main] org.apache.catalina.core.ApplicationContext.log SessionListener: contextDestroyed()
24-Oct-2025 01:34:28.136 INFO [main] org.apache.catalina.core.ApplicationContext.log ContextListener: contextDestroyed()
24-Oct-2025 01:42:19.996 INFO [main] org.apache.catalina.core.ApplicationContext.log ContextListener: contextInitialized()
24-Oct-2025 01:42:19.996 INFO [main] org.apache.catalina.core.ApplicationContext.log SessionListener: contextInitialized()
24-Oct-2025 01:42:20.002 INFO [main] org.apache.catalina.core.ApplicationContext.log ContextListener: attributeAdded('StockTicker', 'async.Stockticker@5298dead')
24-Oct-2025 02:21:55.570 INFO [main] org.apache.catalina.core.ApplicationContext.log SessionListener: contextDestroyed()
24-Oct-2025 02:21:55.570 INFO [main] org.apache.catalina.core.ApplicationContext.log ContextListener: contextDestroyed()
24-Oct-2025 02:24:46.211 INFO [main] org.apache.catalina.core.ApplicationContext.log ContextListener: contextInitialized()
24-Oct-2025 02:24:46.211 INFO [main] org.apache.catalina.core.ApplicationContext.log SessionListener: contextInitialized()
24-Oct-2025 02:24:46.217 INFO [main] org.apache.catalina.core.ApplicationContext.log ContextListener: attributeAdded('StockTicker', 'async.Stockticker@63034ed1')
24-Oct-2025 02:32:55.257 INFO [main] org.apache.catalina.core.ApplicationContext.log SessionListener: contextDestroyed()
24-Oct-2025 02:32:55.258 INFO [main] org.apache.catalina.core.ApplicationContext.log ContextListener: contextDestroyed()
24-Oct-2025 03:03:09.173 INFO [main] org.apache.catalina.core.ApplicationContext.log ContextListener: contextInitialized()
24-Oct-2025 03:03:09.174 INFO [main] org.apache.catalina.core.ApplicationContext.log SessionListener: contextInitialized()
24-Oct-2025 03:03:09.181 INFO [main] org.apache.catalina.core.ApplicationContext.log ContextListener: attributeAdded('StockTicker', 'async.Stockticker@2b50150')
24-Oct-2025 03:04:34.302 INFO [main] org.apache.catalina.core.ApplicationContext.log SessionListener: contextDestroyed()
24-Oct-2025 03:04:34.302 INFO [main] org.apache.catalina.core.ApplicationContext.log ContextListener: contextDestroyed()
