23-Oct-2025 21:27:17.007 INFO [main] org.apache.catalina.core.ApplicationContext.log ContextListener: contextInitialized()
23-Oct-2025 21:27:17.007 INFO [main] org.apache.catalina.core.ApplicationContext.log SessionListener: contextInitialized()
23-Oct-2025 21:27:17.012 INFO [main] org.apache.catalina.core.ApplicationContext.log ContextListener: attributeAdded('StockTicker', 'async.Stockticker@fff25f1')
23-Oct-2025 21:33:19.625 SEVERE [http-nio-8080-exec-4] org.apache.catalina.core.StandardWrapperValve.invoke Servlet.service() for servlet [com.agym.controlador.RegistroServlet] in context with path [/AGym] threw exception
	java.lang.RuntimeException: Uncompilable code - cannot find symbol
  symbol:   class JSONArray
  location: class com.agym.util.JsonUtil
		at com.agym.util.JsonUtil.leerUsuarios(JsonUtil.java:1)
		at com.agym.controlador.RegistroServlet.doPost(RegistroServlet.java:29)
		at jakarta.servlet.http.HttpServlet.service(HttpServlet.java:590)
		at jakarta.servlet.http.HttpServlet.service(HttpServlet.java:658)
		at org.apache.catalina.core.ApplicationFilterChain.internalDoFilter(ApplicationFilterChain.java:193)
		at org.apache.catalina.core.ApplicationFilterChain.doFilter(ApplicationFilterChain.java:138)
		at org.apache.tomcat.websocket.server.WsFilter.doFilter(WsFilter.java:51)
		at org.apache.catalina.core.ApplicationFilterChain.internalDoFilter(ApplicationFilterChain.java:162)
		at org.apache.catalina.core.ApplicationFilterChain.doFilter(ApplicationFilterChain.java:138)
		at org.apache.catalina.core.StandardWrapperValve.invoke(StandardWrapperValve.java:165)
		at org.apache.catalina.core.StandardContextValve.invoke(StandardContextValve.java:88)
		at org.apache.catalina.authenticator.AuthenticatorBase.invoke(AuthenticatorBase.java:482)
		at org.apache.catalina.core.StandardHostValve.invoke(StandardHostValve.java:113)
		at org.apache.catalina.valves.ErrorReportValve.invoke(ErrorReportValve.java:83)
		at org.apache.catalina.valves.AbstractAccessLogValve.invoke(AbstractAccessLogValve.java:654)
		at org.apache.catalina.core.StandardEngineValve.invoke(StandardEngineValve.java:72)
		at org.apache.catalina.connector.CoyoteAdapter.service(CoyoteAdapter.java:342)
		at org.apache.coyote.http11.Http11Processor.service(Http11Processor.java:399)
		at org.apache.coyote.AbstractProcessorLight.process(AbstractProcessorLight.java:63)
		at org.apache.coyote.AbstractProtocol$ConnectionHandler.process(AbstractProtocol.java:903)
		at org.apache.tomcat.util.net.NioEndpoint$SocketProcessor.doRun(NioEndpoint.java:1774)
		at org.apache.tomcat.util.net.SocketProcessorBase.run(SocketProcessorBase.java:52)
		at org.apache.tomcat.util.threads.ThreadPoolExecutor.runWorker(ThreadPoolExecutor.java:973)
		at org.apache.tomcat.util.threads.ThreadPoolExecutor$Worker.run(ThreadPoolExecutor.java:491)
		at org.apache.tomcat.util.threads.TaskThread$WrappingRunnable.run(TaskThread.java:63)
		at java.base/java.lang.Thread.run(Thread.java:1447)
23-Oct-2025 21:36:35.719 INFO [main] org.apache.catalina.core.ApplicationContext.log SessionListener: contextDestroyed()
23-Oct-2025 21:36:35.721 INFO [main] org.apache.catalina.core.ApplicationContext.log ContextListener: contextDestroyed()
23-Oct-2025 21:37:59.669 INFO [main] org.apache.catalina.core.ApplicationContext.log ContextListener: contextInitialized()
23-Oct-2025 21:37:59.669 INFO [main] org.apache.catalina.core.ApplicationContext.log SessionListener: contextInitialized()
23-Oct-2025 21:37:59.674 INFO [main] org.apache.catalina.core.ApplicationContext.log ContextListener: attributeAdded('StockTicker', 'async.Stockticker@5c84624f')
23-Oct-2025 21:49:48.988 INFO [main] org.apache.catalina.core.ApplicationContext.log SessionListener: contextDestroyed()
23-Oct-2025 21:49:48.988 INFO [main] org.apache.catalina.core.ApplicationContext.log ContextListener: contextDestroyed()
23-Oct-2025 22:06:51.844 INFO [main] org.apache.catalina.core.ApplicationContext.log ContextListener: contextInitialized()
23-Oct-2025 22:06:51.845 INFO [main] org.apache.catalina.core.ApplicationContext.log SessionListener: contextInitialized()
23-Oct-2025 22:06:51.849 INFO [main] org.apache.catalina.core.ApplicationContext.log ContextListener: attributeAdded('StockTicker', 'async.Stockticker@9fecdf1')
23-Oct-2025 22:29:26.668 INFO [main] org.apache.catalina.core.ApplicationContext.log SessionListener: contextDestroyed()
23-Oct-2025 22:29:26.669 INFO [main] org.apache.catalina.core.ApplicationContext.log ContextListener: contextDestroyed()
23-Oct-2025 22:41:08.779 INFO [main] org.apache.catalina.core.ApplicationContext.log ContextListener: contextInitialized()
23-Oct-2025 22:41:08.779 INFO [main] org.apache.catalina.core.ApplicationContext.log SessionListener: contextInitialized()
23-Oct-2025 22:41:08.784 INFO [main] org.apache.catalina.core.ApplicationContext.log ContextListener: attributeAdded('StockTicker', 'async.Stockticker@4a9419d7')
23-Oct-2025 22:53:12.926 INFO [main] org.apache.catalina.core.ApplicationContext.log SessionListener: contextDestroyed()
23-Oct-2025 22:53:12.927 INFO [main] org.apache.catalina.core.ApplicationContext.log ContextListener: contextDestroyed()
23-Oct-2025 23:56:28.998 INFO [main] org.apache.catalina.core.ApplicationContext.log ContextListener: contextInitialized()
23-Oct-2025 23:56:28.999 INFO [main] org.apache.catalina.core.ApplicationContext.log SessionListener: contextInitialized()
23-Oct-2025 23:56:29.002 INFO [main] org.apache.catalina.core.ApplicationContext.log ContextListener: attributeAdded('StockTicker', 'async.Stockticker@553f3b6e')
